Starting ZjrcuApplication on LAPTOP-3JD1R4SJ with PID 11764 (D:\IntelliJ\IdeaProjects\zjrcu\target\classes started by syh in D:\IntelliJ\IdeaProjects\zjrcu)
No active profile set, falling back to default profiles: default
Devtools property defaults active! Set 'spring.devtools.add-properties' to 'false' to disable
For additional web related logging consider setting the 'logging.level.web' property to 'DEBUG'
Tomcat initialized with port(s): 8090 (http)
Initializing ProtocolHandler ["http-nio-8090"]
Starting service [Tomcat]
Starting Servlet Engine: Apache Tomcat/9.0.13
The APR based Apache Tomcat Native library which allows optimal performance in production environments was not found on the java.library.path: [D:\JDK\1.8\bin;C:\WINDOWS\Sun\Java\bin;C:\WINDOWS\system32;C:\WINDOWS;C:\Program Files (x86)\Intel\iCLS Client\;C:\Program Files\Intel\iCLS Client\;C:\Windows\system32;C:\Windows;C:\Windows\System32\Wbem;C:\Windows\System32\WindowsPowerShell\v1.0\;C:\Program Files (x86)\NVIDIA Corporation\PhysX\Common;C:\Program Files (x86)\Intel\Intel(R) Management Engine Components\DAL;C:\Program Files\Intel\Intel(R) Management Engine Components\DAL;C:\Program Files (x86)\Intel\Intel(R) Management Engine Components\IPT;C:\Program Files\Intel\Intel(R) Management Engine Components\IPT;;%SystemRoot%\system32;%SystemRoot%;%SystemRoot%\System32\Wbem;%SYSTEMROOT%\System32\WindowsPowerShell\v1.0\;%SYSTEMROOT%\System32\OpenSSH\;C:\Users\syh\AppData\Local\Microsoft\WindowsApps;D:\JDK\1.8\bin;D:\MAVEN\3.0.5\apache-maven-3.0.5\bin;;.]
At least one JAR was scanned for TLDs yet contained no TLDs. Enable debug logging for this logger for a complete list of JARs that were scanned but no TLDs were found in them. Skipping unneeded JARs during scanning can improve startup time and JSP compilation time.
Initializing Spring embedded WebApplicationContext
Root WebApplicationContext: initialization completed in 946 ms
Initializing ExecutorService 'applicationTaskExecutor'
LiveReload server is running on port 35729
Starting ProtocolHandler ["http-nio-8090"]
Using a shared selector for servlet write/read
Tomcat started on port(s): 8090 (http) with context path ''
Started ZjrcuApplication in 2.009 seconds (JVM running for 2.625)
Application run failed
java.lang.IllegalStateException: Logback configuration error detected: 
ERROR in ch.qos.logback.core.joran.action.AppenderRefAction - Could not find an appender named [consoleLog]. Did you define it below instead of above in the configuration file?
ERROR in ch.qos.logback.core.joran.action.AppenderRefAction - See http://logback.qos.ch/codes.html#appender_order for more details.
	at org.springframework.boot.logging.logback.LogbackLoggingSystem.loadConfiguration(LogbackLoggingSystem.java:169)
	at org.springframework.boot.logging.AbstractLoggingSystem.initializeWithConventions(AbstractLoggingSystem.java:82)
	at org.springframework.boot.logging.AbstractLoggingSystem.initialize(AbstractLoggingSystem.java:60)
	at org.springframework.boot.logging.logback.LogbackLoggingSystem.initialize(LogbackLoggingSystem.java:117)
	at org.springframework.boot.context.logging.LoggingApplicationListener.initializeSystem(LoggingApplicationListener.java:293)
	at org.springframework.boot.context.logging.LoggingApplicationListener.initialize(LoggingApplicationListener.java:266)
	at org.springframework.boot.context.logging.LoggingApplicationListener.onApplicationEnvironmentPreparedEvent(LoggingApplicationListener.java:229)
	at org.springframework.boot.context.logging.LoggingApplicationListener.onApplicationEvent(LoggingApplicationListener.java:202)
	at org.springframework.context.event.SimpleApplicationEventMulticaster.doInvokeListener(SimpleApplicationEventMulticaster.java:172)
	at org.springframework.context.event.SimpleApplicationEventMulticaster.invokeListener(SimpleApplicationEventMulticaster.java:165)
	at org.springframework.context.event.SimpleApplicationEventMulticaster.multicastEvent(SimpleApplicationEventMulticaster.java:139)
	at org.springframework.context.event.SimpleApplicationEventMulticaster.multicastEvent(SimpleApplicationEventMulticaster.java:127)
	at org.springframework.boot.context.event.EventPublishingRunListener.environmentPrepared(EventPublishingRunListener.java:75)
	at org.springframework.boot.SpringApplicationRunListeners.environmentPrepared(SpringApplicationRunListeners.java:54)
	at org.springframework.boot.SpringApplication.prepareEnvironment(SpringApplication.java:347)
	at org.springframework.boot.SpringApplication.run(SpringApplication.java:306)
	at org.springframework.boot.SpringApplication.run(SpringApplication.java:1260)
	at org.springframework.boot.SpringApplication.run(SpringApplication.java:1248)
	at com.syh.officeboot.zjrcu.ZjrcuApplication.main(ZjrcuApplication.java:12)
	at sun.reflect.NativeMethodAccessorImpl.invoke0(Native Method)
	at sun.reflect.NativeMethodAccessorImpl.invoke(NativeMethodAccessorImpl.java:62)
	at sun.reflect.DelegatingMethodAccessorImpl.invoke(DelegatingMethodAccessorImpl.java:43)
	at java.lang.reflect.Method.invoke(Method.java:498)
	at org.springframework.boot.devtools.restart.RestartLauncher.run(RestartLauncher.java:49)
Starting ZjrcuApplication on LAPTOP-3JD1R4SJ with PID 12364 (D:\IntelliJ\IdeaProjects\zjrcu\target\classes started by syh in D:\IntelliJ\IdeaProjects\zjrcu)
No active profile set, falling back to default profiles: default
Devtools property defaults active! Set 'spring.devtools.add-properties' to 'false' to disable
For additional web related logging consider setting the 'logging.level.web' property to 'DEBUG'
Tomcat initialized with port(s): 8090 (http)
Initializing ProtocolHandler ["http-nio-8090"]
Starting service [Tomcat]
Starting Servlet Engine: Apache Tomcat/9.0.13
The APR based Apache Tomcat Native library which allows optimal performance in production environments was not found on the java.library.path: [D:\JDK\1.8\bin;C:\WINDOWS\Sun\Java\bin;C:\WINDOWS\system32;C:\WINDOWS;C:\Program Files (x86)\Intel\iCLS Client\;C:\Program Files\Intel\iCLS Client\;C:\Windows\system32;C:\Windows;C:\Windows\System32\Wbem;C:\Windows\System32\WindowsPowerShell\v1.0\;C:\Program Files (x86)\NVIDIA Corporation\PhysX\Common;C:\Program Files (x86)\Intel\Intel(R) Management Engine Components\DAL;C:\Program Files\Intel\Intel(R) Management Engine Components\DAL;C:\Program Files (x86)\Intel\Intel(R) Management Engine Components\IPT;C:\Program Files\Intel\Intel(R) Management Engine Components\IPT;;%SystemRoot%\system32;%SystemRoot%;%SystemRoot%\System32\Wbem;%SYSTEMROOT%\System32\WindowsPowerShell\v1.0\;%SYSTEMROOT%\System32\OpenSSH\;C:\Users\syh\AppData\Local\Microsoft\WindowsApps;D:\JDK\1.8\bin;D:\MAVEN\3.0.5\apache-maven-3.0.5\bin;;.]
At least one JAR was scanned for TLDs yet contained no TLDs. Enable debug logging for this logger for a complete list of JARs that were scanned but no TLDs were found in them. Skipping unneeded JARs during scanning can improve startup time and JSP compilation time.
Initializing Spring embedded WebApplicationContext
Root WebApplicationContext: initialization completed in 1037 ms
Initializing ExecutorService 'applicationTaskExecutor'
LiveReload server is running on port 35729
Starting ProtocolHandler ["http-nio-8090"]
Using a shared selector for servlet write/read
Tomcat started on port(s): 8090 (http) with context path ''
Started ZjrcuApplication in 1.879 seconds (JVM running for 2.444)
Starting ZjrcuApplication on LAPTOP-3JD1R4SJ with PID 8640 (D:\IntelliJ\IdeaProjects\zjrcu\target\classes started by syh in D:\IntelliJ\IdeaProjects\zjrcu)
No active profile set, falling back to default profiles: default
Devtools property defaults active! Set 'spring.devtools.add-properties' to 'false' to disable
For additional web related logging consider setting the 'logging.level.web' property to 'DEBUG'
Tomcat initialized with port(s): 8090 (http)
Initializing ProtocolHandler ["http-nio-8090"]
Starting service [Tomcat]
Starting Servlet Engine: Apache Tomcat/9.0.13
The APR based Apache Tomcat Native library which allows optimal performance in production environments was not found on the java.library.path: [D:\JDK\1.8\bin;C:\WINDOWS\Sun\Java\bin;C:\WINDOWS\system32;C:\WINDOWS;C:\Program Files (x86)\Intel\iCLS Client\;C:\Program Files\Intel\iCLS Client\;C:\Windows\system32;C:\Windows;C:\Windows\System32\Wbem;C:\Windows\System32\WindowsPowerShell\v1.0\;C:\Program Files (x86)\NVIDIA Corporation\PhysX\Common;C:\Program Files (x86)\Intel\Intel(R) Management Engine Components\DAL;C:\Program Files\Intel\Intel(R) Management Engine Components\DAL;C:\Program Files (x86)\Intel\Intel(R) Management Engine Components\IPT;C:\Program Files\Intel\Intel(R) Management Engine Components\IPT;;%SystemRoot%\system32;%SystemRoot%;%SystemRoot%\System32\Wbem;%SYSTEMROOT%\System32\WindowsPowerShell\v1.0\;%SYSTEMROOT%\System32\OpenSSH\;C:\Users\syh\AppData\Local\Microsoft\WindowsApps;D:\JDK\1.8\bin;D:\MAVEN\3.0.5\apache-maven-3.0.5\bin;;.]
At least one JAR was scanned for TLDs yet contained no TLDs. Enable debug logging for this logger for a complete list of JARs that were scanned but no TLDs were found in them. Skipping unneeded JARs during scanning can improve startup time and JSP compilation time.
Initializing Spring embedded WebApplicationContext
Root WebApplicationContext: initialization completed in 1015 ms
Initializing ExecutorService 'applicationTaskExecutor'
LiveReload server is running on port 35729
Starting ProtocolHandler ["http-nio-8090"]
Using a shared selector for servlet write/read
Tomcat started on port(s): 8090 (http) with context path ''
Started ZjrcuApplication in 1.817 seconds (JVM running for 2.425)
