2019/10/18-10:51:36----[restartedMain]----INFO----com.syh.officeboot.zjrcu.ZjrcuApplication-----Starting ZjrcuApplication on LAPTOP-3JD1R4SJ with PID 2164 (D:\IntelliJ\IdeaProjects\zjrcu\target\classes started by syh in D:\IntelliJ\IdeaProjects\zjrcu)
2019/10/18-10:51:36----[restartedMain]----INFO----com.syh.officeboot.zjrcu.ZjrcuApplication-----No active profile set, falling back to default profiles: default
2019/10/18-10:51:36----[restartedMain]----INFO----org.springframework.boot.devtools.env.DevToolsPropertyDefaultsPostProcessor-----Devtools property defaults active! Set 'spring.devtools.add-properties' to 'false' to disable
2019/10/18-10:51:36----[restartedMain]----INFO----org.springframework.boot.devtools.env.DevToolsPropertyDefaultsPostProcessor-----For additional web related logging consider setting the 'logging.level.web' property to 'DEBUG'
2019/10/18-10:51:37----[restartedMain]----INFO----org.springframework.boot.web.embedded.tomcat.TomcatWebServer-----Tomcat initialized with port(s): 8090 (http)
2019/10/18-10:51:37----[restartedMain]----INFO----org.apache.coyote.http11.Http11NioProtocol-----Initializing ProtocolHandler ["http-nio-8090"]
2019/10/18-10:51:37----[restartedMain]----INFO----org.apache.catalina.core.StandardService-----Starting service [Tomcat]
2019/10/18-10:51:37----[restartedMain]----INFO----org.apache.catalina.core.StandardEngine-----Starting Servlet Engine: Apache Tomcat/9.0.13
2019/10/18-10:51:37----[restartedMain]----INFO----org.apache.catalina.core.AprLifecycleListener-----The APR based Apache Tomcat Native library which allows optimal performance in production environments was not found on the java.library.path: [D:\JDK\1.8\bin;C:\WINDOWS\Sun\Java\bin;C:\WINDOWS\system32;C:\WINDOWS;C:\Program Files (x86)\Intel\iCLS Client\;C:\Program Files\Intel\iCLS Client\;C:\Windows\system32;C:\Windows;C:\Windows\System32\Wbem;C:\Windows\System32\WindowsPowerShell\v1.0\;C:\Program Files (x86)\NVIDIA Corporation\PhysX\Common;C:\Program Files (x86)\Intel\Intel(R) Management Engine Components\DAL;C:\Program Files\Intel\Intel(R) Management Engine Components\DAL;C:\Program Files (x86)\Intel\Intel(R) Management Engine Components\IPT;C:\Program Files\Intel\Intel(R) Management Engine Components\IPT;C:\WINDOWS\system32;C:\WINDOWS;C:\WINDOWS\System32\Wbem;C:\WINDOWS\System32\WindowsPowerShell\v1.0\;C:\WINDOWS\System32\OpenSSH\;C:\MinGW\bin;D:\git\Git\cmd;C:\Users\syh\AppData\Local\Microsoft\WindowsApps;D:\JDK\1.8\bin;D:\MAVEN\3.0.5\apache-maven-3.0.5\bin;;.]
2019/10/18-10:51:38----[restartedMain]----INFO----org.apache.jasper.servlet.TldScanner-----At least one JAR was scanned for TLDs yet contained no TLDs. Enable debug logging for this logger for a complete list of JARs that were scanned but no TLDs were found in them. Skipping unneeded JARs during scanning can improve startup time and JSP compilation time.
2019/10/18-10:51:38----[restartedMain]----INFO----org.apache.catalina.core.ContainerBase.[Tomcat].[localhost].[/]-----Initializing Spring embedded WebApplicationContext
2019/10/18-10:51:38----[restartedMain]----INFO----org.springframework.web.context.ContextLoader-----Root WebApplicationContext: initialization completed in 1520 ms
2019/10/18-10:51:38----[restartedMain]----INFO----org.springframework.scheduling.concurrent.ThreadPoolTaskExecutor-----Initializing ExecutorService 'applicationTaskExecutor'
2019/10/18-10:51:38----[restartedMain]----INFO----org.springframework.boot.devtools.autoconfigure.OptionalLiveReloadServer-----LiveReload server is running on port 35729
2019/10/18-10:51:38----[restartedMain]----INFO----org.apache.coyote.http11.Http11NioProtocol-----Starting ProtocolHandler ["http-nio-8090"]
2019/10/18-10:51:38----[restartedMain]----INFO----org.apache.tomcat.util.net.NioSelectorPool-----Using a shared selector for servlet write/read
2019/10/18-10:51:38----[restartedMain]----INFO----org.apache.coyote.http11.Http11NioProtocol-----Pausing ProtocolHandler ["http-nio-8090"]
2019/10/18-10:51:38----[restartedMain]----INFO----org.apache.catalina.core.StandardService-----Stopping service [Tomcat]
2019/10/18-10:51:38----[restartedMain]----INFO----org.apache.catalina.util.LifecycleBase-----The stop() method was called on component [StandardServer[-1]] after stop() had already been called. The second call will be ignored.
2019/10/18-10:51:38----[restartedMain]----INFO----org.apache.coyote.http11.Http11NioProtocol-----Stopping ProtocolHandler ["http-nio-8090"]
2019/10/18-10:51:38----[restartedMain]----INFO----org.apache.coyote.http11.Http11NioProtocol-----Destroying ProtocolHandler ["http-nio-8090"]
2019/10/18-10:51:38----[restartedMain]----INFO----org.springframework.boot.autoconfigure.logging.ConditionEvaluationReportLoggingListener-----

Error starting ApplicationContext. To display the conditions report re-run your application with 'debug' enabled.
2019/10/18-10:51:38----[restartedMain]----INFO----org.springframework.scheduling.concurrent.ThreadPoolTaskExecutor-----Shutting down ExecutorService 'applicationTaskExecutor'
2019/10/18-10:52:52----[restartedMain]----INFO----com.syh.officeboot.zjrcu.ZjrcuApplication-----Starting ZjrcuApplication on LAPTOP-3JD1R4SJ with PID 9740 (D:\IntelliJ\IdeaProjects\zjrcu\target\classes started by syh in D:\IntelliJ\IdeaProjects\zjrcu)
2019/10/18-10:52:52----[restartedMain]----INFO----com.syh.officeboot.zjrcu.ZjrcuApplication-----No active profile set, falling back to default profiles: default
2019/10/18-10:52:52----[restartedMain]----INFO----org.springframework.boot.devtools.env.DevToolsPropertyDefaultsPostProcessor-----Devtools property defaults active! Set 'spring.devtools.add-properties' to 'false' to disable
2019/10/18-10:52:52----[restartedMain]----INFO----org.springframework.boot.devtools.env.DevToolsPropertyDefaultsPostProcessor-----For additional web related logging consider setting the 'logging.level.web' property to 'DEBUG'
2019/10/18-10:52:53----[restartedMain]----INFO----org.springframework.boot.web.embedded.tomcat.TomcatWebServer-----Tomcat initialized with port(s): 8090 (http)
2019/10/18-10:52:53----[restartedMain]----INFO----org.apache.coyote.http11.Http11NioProtocol-----Initializing ProtocolHandler ["http-nio-8090"]
2019/10/18-10:52:53----[restartedMain]----INFO----org.apache.catalina.core.StandardService-----Starting service [Tomcat]
2019/10/18-10:52:53----[restartedMain]----INFO----org.apache.catalina.core.StandardEngine-----Starting Servlet Engine: Apache Tomcat/9.0.13
2019/10/18-10:52:53----[restartedMain]----INFO----org.apache.catalina.core.AprLifecycleListener-----The APR based Apache Tomcat Native library which allows optimal performance in production environments was not found on the java.library.path: [D:\JDK\1.8\bin;C:\WINDOWS\Sun\Java\bin;C:\WINDOWS\system32;C:\WINDOWS;C:\Program Files (x86)\Intel\iCLS Client\;C:\Program Files\Intel\iCLS Client\;C:\Windows\system32;C:\Windows;C:\Windows\System32\Wbem;C:\Windows\System32\WindowsPowerShell\v1.0\;C:\Program Files (x86)\NVIDIA Corporation\PhysX\Common;C:\Program Files (x86)\Intel\Intel(R) Management Engine Components\DAL;C:\Program Files\Intel\Intel(R) Management Engine Components\DAL;C:\Program Files (x86)\Intel\Intel(R) Management Engine Components\IPT;C:\Program Files\Intel\Intel(R) Management Engine Components\IPT;C:\WINDOWS\system32;C:\WINDOWS;C:\WINDOWS\System32\Wbem;C:\WINDOWS\System32\WindowsPowerShell\v1.0\;C:\WINDOWS\System32\OpenSSH\;C:\MinGW\bin;D:\git\Git\cmd;C:\Users\syh\AppData\Local\Microsoft\WindowsApps;D:\JDK\1.8\bin;D:\MAVEN\3.0.5\apache-maven-3.0.5\bin;;.]
2019/10/18-10:52:53----[restartedMain]----INFO----org.apache.jasper.servlet.TldScanner-----At least one JAR was scanned for TLDs yet contained no TLDs. Enable debug logging for this logger for a complete list of JARs that were scanned but no TLDs were found in them. Skipping unneeded JARs during scanning can improve startup time and JSP compilation time.
2019/10/18-10:52:53----[restartedMain]----INFO----org.apache.catalina.core.ContainerBase.[Tomcat].[localhost].[/]-----Initializing Spring embedded WebApplicationContext
2019/10/18-10:52:53----[restartedMain]----INFO----org.springframework.web.context.ContextLoader-----Root WebApplicationContext: initialization completed in 986 ms
2019/10/18-10:52:54----[restartedMain]----INFO----org.springframework.scheduling.concurrent.ThreadPoolTaskExecutor-----Initializing ExecutorService 'applicationTaskExecutor'
2019/10/18-10:52:54----[restartedMain]----INFO----org.springframework.boot.devtools.autoconfigure.OptionalLiveReloadServer-----LiveReload server is running on port 35729
2019/10/18-10:52:54----[restartedMain]----INFO----org.apache.coyote.http11.Http11NioProtocol-----Starting ProtocolHandler ["http-nio-8090"]
2019/10/18-10:52:54----[restartedMain]----INFO----org.apache.tomcat.util.net.NioSelectorPool-----Using a shared selector for servlet write/read
2019/10/18-10:52:54----[restartedMain]----INFO----org.apache.coyote.http11.Http11NioProtocol-----Pausing ProtocolHandler ["http-nio-8090"]
2019/10/18-10:52:54----[restartedMain]----INFO----org.apache.catalina.core.StandardService-----Stopping service [Tomcat]
2019/10/18-10:52:54----[restartedMain]----INFO----org.apache.catalina.util.LifecycleBase-----The stop() method was called on component [StandardServer[-1]] after stop() had already been called. The second call will be ignored.
2019/10/18-10:52:54----[restartedMain]----INFO----org.apache.coyote.http11.Http11NioProtocol-----Stopping ProtocolHandler ["http-nio-8090"]
2019/10/18-10:52:54----[restartedMain]----INFO----org.apache.coyote.http11.Http11NioProtocol-----Destroying ProtocolHandler ["http-nio-8090"]
2019/10/18-10:52:54----[restartedMain]----INFO----org.springframework.boot.autoconfigure.logging.ConditionEvaluationReportLoggingListener-----

Error starting ApplicationContext. To display the conditions report re-run your application with 'debug' enabled.
2019/10/18-10:52:54----[restartedMain]----INFO----org.springframework.scheduling.concurrent.ThreadPoolTaskExecutor-----Shutting down ExecutorService 'applicationTaskExecutor'
2019/10/18-10:53:41----[restartedMain]----INFO----com.syh.officeboot.zjrcu.ZjrcuApplication-----Starting ZjrcuApplication on LAPTOP-3JD1R4SJ with PID 6224 (D:\IntelliJ\IdeaProjects\zjrcu\target\classes started by syh in D:\IntelliJ\IdeaProjects\zjrcu)
2019/10/18-10:53:41----[restartedMain]----INFO----com.syh.officeboot.zjrcu.ZjrcuApplication-----No active profile set, falling back to default profiles: default
2019/10/18-10:53:41----[restartedMain]----INFO----org.springframework.boot.devtools.env.DevToolsPropertyDefaultsPostProcessor-----Devtools property defaults active! Set 'spring.devtools.add-properties' to 'false' to disable
2019/10/18-10:53:41----[restartedMain]----INFO----org.springframework.boot.devtools.env.DevToolsPropertyDefaultsPostProcessor-----For additional web related logging consider setting the 'logging.level.web' property to 'DEBUG'
2019/10/18-10:53:42----[restartedMain]----INFO----org.springframework.boot.web.embedded.tomcat.TomcatWebServer-----Tomcat initialized with port(s): 8090 (http)
2019/10/18-10:53:42----[restartedMain]----INFO----org.apache.coyote.http11.Http11NioProtocol-----Initializing ProtocolHandler ["http-nio-8090"]
2019/10/18-10:53:42----[restartedMain]----INFO----org.apache.catalina.core.StandardService-----Starting service [Tomcat]
2019/10/18-10:53:42----[restartedMain]----INFO----org.apache.catalina.core.StandardEngine-----Starting Servlet Engine: Apache Tomcat/9.0.13
2019/10/18-10:53:42----[restartedMain]----INFO----org.apache.catalina.core.AprLifecycleListener-----The APR based Apache Tomcat Native library which allows optimal performance in production environments was not found on the java.library.path: [D:\JDK\1.8\bin;C:\WINDOWS\Sun\Java\bin;C:\WINDOWS\system32;C:\WINDOWS;C:\Program Files (x86)\Intel\iCLS Client\;C:\Program Files\Intel\iCLS Client\;C:\Windows\system32;C:\Windows;C:\Windows\System32\Wbem;C:\Windows\System32\WindowsPowerShell\v1.0\;C:\Program Files (x86)\NVIDIA Corporation\PhysX\Common;C:\Program Files (x86)\Intel\Intel(R) Management Engine Components\DAL;C:\Program Files\Intel\Intel(R) Management Engine Components\DAL;C:\Program Files (x86)\Intel\Intel(R) Management Engine Components\IPT;C:\Program Files\Intel\Intel(R) Management Engine Components\IPT;C:\WINDOWS\system32;C:\WINDOWS;C:\WINDOWS\System32\Wbem;C:\WINDOWS\System32\WindowsPowerShell\v1.0\;C:\WINDOWS\System32\OpenSSH\;C:\MinGW\bin;D:\git\Git\cmd;C:\Users\syh\AppData\Local\Microsoft\WindowsApps;D:\JDK\1.8\bin;D:\MAVEN\3.0.5\apache-maven-3.0.5\bin;;.]
2019/10/18-10:53:42----[restartedMain]----INFO----org.apache.jasper.servlet.TldScanner-----At least one JAR was scanned for TLDs yet contained no TLDs. Enable debug logging for this logger for a complete list of JARs that were scanned but no TLDs were found in them. Skipping unneeded JARs during scanning can improve startup time and JSP compilation time.
2019/10/18-10:53:42----[restartedMain]----INFO----org.apache.catalina.core.ContainerBase.[Tomcat].[localhost].[/]-----Initializing Spring embedded WebApplicationContext
2019/10/18-10:53:42----[restartedMain]----INFO----org.springframework.web.context.ContextLoader-----Root WebApplicationContext: initialization completed in 1102 ms
2019/10/18-10:53:42----[restartedMain]----INFO----org.springframework.scheduling.concurrent.ThreadPoolTaskExecutor-----Initializing ExecutorService 'applicationTaskExecutor'
2019/10/18-10:53:42----[restartedMain]----INFO----org.springframework.boot.devtools.autoconfigure.OptionalLiveReloadServer-----LiveReload server is running on port 35729
2019/10/18-10:53:42----[restartedMain]----INFO----org.apache.coyote.http11.Http11NioProtocol-----Starting ProtocolHandler ["http-nio-8090"]
2019/10/18-10:53:42----[restartedMain]----INFO----org.apache.tomcat.util.net.NioSelectorPool-----Using a shared selector for servlet write/read
2019/10/18-10:53:42----[restartedMain]----INFO----org.apache.coyote.http11.Http11NioProtocol-----Pausing ProtocolHandler ["http-nio-8090"]
2019/10/18-10:53:42----[restartedMain]----INFO----org.apache.catalina.core.StandardService-----Stopping service [Tomcat]
2019/10/18-10:53:42----[restartedMain]----INFO----org.apache.catalina.util.LifecycleBase-----The stop() method was called on component [StandardServer[-1]] after stop() had already been called. The second call will be ignored.
2019/10/18-10:53:42----[restartedMain]----INFO----org.apache.coyote.http11.Http11NioProtocol-----Stopping ProtocolHandler ["http-nio-8090"]
2019/10/18-10:53:42----[restartedMain]----INFO----org.apache.coyote.http11.Http11NioProtocol-----Destroying ProtocolHandler ["http-nio-8090"]
2019/10/18-10:53:42----[restartedMain]----INFO----org.springframework.boot.autoconfigure.logging.ConditionEvaluationReportLoggingListener-----

Error starting ApplicationContext. To display the conditions report re-run your application with 'debug' enabled.
2019/10/18-10:53:42----[restartedMain]----INFO----org.springframework.scheduling.concurrent.ThreadPoolTaskExecutor-----Shutting down ExecutorService 'applicationTaskExecutor'
2019/10/18-10:54:31----[restartedMain]----INFO----com.syh.officeboot.zjrcu.ZjrcuApplication-----Starting ZjrcuApplication on LAPTOP-3JD1R4SJ with PID 9564 (D:\IntelliJ\IdeaProjects\zjrcu\target\classes started by syh in D:\IntelliJ\IdeaProjects\zjrcu)
2019/10/18-10:54:31----[restartedMain]----INFO----com.syh.officeboot.zjrcu.ZjrcuApplication-----No active profile set, falling back to default profiles: default
2019/10/18-10:54:31----[restartedMain]----INFO----org.springframework.boot.devtools.env.DevToolsPropertyDefaultsPostProcessor-----Devtools property defaults active! Set 'spring.devtools.add-properties' to 'false' to disable
2019/10/18-10:54:31----[restartedMain]----INFO----org.springframework.boot.devtools.env.DevToolsPropertyDefaultsPostProcessor-----For additional web related logging consider setting the 'logging.level.web' property to 'DEBUG'
2019/10/18-10:54:32----[restartedMain]----INFO----org.springframework.boot.web.embedded.tomcat.TomcatWebServer-----Tomcat initialized with port(s): 8090 (http)
2019/10/18-10:54:32----[restartedMain]----INFO----org.apache.coyote.http11.Http11NioProtocol-----Initializing ProtocolHandler ["http-nio-8090"]
2019/10/18-10:54:32----[restartedMain]----INFO----org.apache.catalina.core.StandardService-----Starting service [Tomcat]
2019/10/18-10:54:32----[restartedMain]----INFO----org.apache.catalina.core.StandardEngine-----Starting Servlet Engine: Apache Tomcat/9.0.13
2019/10/18-10:54:32----[restartedMain]----INFO----org.apache.catalina.core.AprLifecycleListener-----The APR based Apache Tomcat Native library which allows optimal performance in production environments was not found on the java.library.path: [D:\JDK\1.8\bin;C:\WINDOWS\Sun\Java\bin;C:\WINDOWS\system32;C:\WINDOWS;C:\Program Files (x86)\Intel\iCLS Client\;C:\Program Files\Intel\iCLS Client\;C:\Windows\system32;C:\Windows;C:\Windows\System32\Wbem;C:\Windows\System32\WindowsPowerShell\v1.0\;C:\Program Files (x86)\NVIDIA Corporation\PhysX\Common;C:\Program Files (x86)\Intel\Intel(R) Management Engine Components\DAL;C:\Program Files\Intel\Intel(R) Management Engine Components\DAL;C:\Program Files (x86)\Intel\Intel(R) Management Engine Components\IPT;C:\Program Files\Intel\Intel(R) Management Engine Components\IPT;C:\WINDOWS\system32;C:\WINDOWS;C:\WINDOWS\System32\Wbem;C:\WINDOWS\System32\WindowsPowerShell\v1.0\;C:\WINDOWS\System32\OpenSSH\;C:\MinGW\bin;D:\git\Git\cmd;C:\Users\syh\AppData\Local\Microsoft\WindowsApps;D:\JDK\1.8\bin;D:\MAVEN\3.0.5\apache-maven-3.0.5\bin;;.]
2019/10/18-10:54:32----[restartedMain]----INFO----org.apache.jasper.servlet.TldScanner-----At least one JAR was scanned for TLDs yet contained no TLDs. Enable debug logging for this logger for a complete list of JARs that were scanned but no TLDs were found in them. Skipping unneeded JARs during scanning can improve startup time and JSP compilation time.
2019/10/18-10:54:32----[restartedMain]----INFO----org.apache.catalina.core.ContainerBase.[Tomcat].[localhost].[/]-----Initializing Spring embedded WebApplicationContext
2019/10/18-10:54:32----[restartedMain]----INFO----org.springframework.web.context.ContextLoader-----Root WebApplicationContext: initialization completed in 1032 ms
2019/10/18-10:54:33----[restartedMain]----INFO----org.springframework.scheduling.concurrent.ThreadPoolTaskExecutor-----Initializing ExecutorService 'applicationTaskExecutor'
2019/10/18-10:54:33----[restartedMain]----INFO----org.springframework.boot.devtools.autoconfigure.OptionalLiveReloadServer-----LiveReload server is running on port 35729
2019/10/18-10:54:33----[restartedMain]----INFO----org.apache.coyote.http11.Http11NioProtocol-----Starting ProtocolHandler ["http-nio-8090"]
2019/10/18-10:54:33----[restartedMain]----INFO----org.apache.tomcat.util.net.NioSelectorPool-----Using a shared selector for servlet write/read
2019/10/18-10:54:33----[restartedMain]----INFO----org.apache.coyote.http11.Http11NioProtocol-----Pausing ProtocolHandler ["http-nio-8090"]
2019/10/18-10:54:33----[restartedMain]----INFO----org.apache.catalina.core.StandardService-----Stopping service [Tomcat]
2019/10/18-10:54:33----[restartedMain]----INFO----org.apache.catalina.util.LifecycleBase-----The stop() method was called on component [StandardServer[-1]] after stop() had already been called. The second call will be ignored.
2019/10/18-10:54:33----[restartedMain]----INFO----org.apache.coyote.http11.Http11NioProtocol-----Stopping ProtocolHandler ["http-nio-8090"]
2019/10/18-10:54:33----[restartedMain]----INFO----org.apache.coyote.http11.Http11NioProtocol-----Destroying ProtocolHandler ["http-nio-8090"]
2019/10/18-10:54:33----[restartedMain]----INFO----org.springframework.boot.autoconfigure.logging.ConditionEvaluationReportLoggingListener-----

Error starting ApplicationContext. To display the conditions report re-run your application with 'debug' enabled.
2019/10/18-10:54:33----[restartedMain]----INFO----org.springframework.scheduling.concurrent.ThreadPoolTaskExecutor-----Shutting down ExecutorService 'applicationTaskExecutor'
2019/10/18-10:55:38----[restartedMain]----INFO----com.syh.officeboot.zjrcu.ZjrcuApplication-----Starting ZjrcuApplication on LAPTOP-3JD1R4SJ with PID 12184 (D:\IntelliJ\IdeaProjects\zjrcu\target\classes started by syh in D:\IntelliJ\IdeaProjects\zjrcu)
2019/10/18-10:55:38----[restartedMain]----INFO----com.syh.officeboot.zjrcu.ZjrcuApplication-----No active profile set, falling back to default profiles: default
2019/10/18-10:55:38----[restartedMain]----INFO----org.springframework.boot.devtools.env.DevToolsPropertyDefaultsPostProcessor-----Devtools property defaults active! Set 'spring.devtools.add-properties' to 'false' to disable
2019/10/18-10:55:38----[restartedMain]----INFO----org.springframework.boot.devtools.env.DevToolsPropertyDefaultsPostProcessor-----For additional web related logging consider setting the 'logging.level.web' property to 'DEBUG'
2019/10/18-10:55:39----[restartedMain]----INFO----org.springframework.boot.web.embedded.tomcat.TomcatWebServer-----Tomcat initialized with port(s): 8090 (http)
2019/10/18-10:55:39----[restartedMain]----INFO----org.apache.coyote.http11.Http11NioProtocol-----Initializing ProtocolHandler ["http-nio-8090"]
2019/10/18-10:55:39----[restartedMain]----INFO----org.apache.catalina.core.StandardService-----Starting service [Tomcat]
2019/10/18-10:55:39----[restartedMain]----INFO----org.apache.catalina.core.StandardEngine-----Starting Servlet Engine: Apache Tomcat/9.0.13
2019/10/18-10:55:39----[restartedMain]----INFO----org.apache.catalina.core.AprLifecycleListener-----The APR based Apache Tomcat Native library which allows optimal performance in production environments was not found on the java.library.path: [D:\JDK\1.8\bin;C:\WINDOWS\Sun\Java\bin;C:\WINDOWS\system32;C:\WINDOWS;C:\Program Files (x86)\Intel\iCLS Client\;C:\Program Files\Intel\iCLS Client\;C:\Windows\system32;C:\Windows;C:\Windows\System32\Wbem;C:\Windows\System32\WindowsPowerShell\v1.0\;C:\Program Files (x86)\NVIDIA Corporation\PhysX\Common;C:\Program Files (x86)\Intel\Intel(R) Management Engine Components\DAL;C:\Program Files\Intel\Intel(R) Management Engine Components\DAL;C:\Program Files (x86)\Intel\Intel(R) Management Engine Components\IPT;C:\Program Files\Intel\Intel(R) Management Engine Components\IPT;C:\WINDOWS\system32;C:\WINDOWS;C:\WINDOWS\System32\Wbem;C:\WINDOWS\System32\WindowsPowerShell\v1.0\;C:\WINDOWS\System32\OpenSSH\;C:\MinGW\bin;D:\git\Git\cmd;C:\Users\syh\AppData\Local\Microsoft\WindowsApps;D:\JDK\1.8\bin;D:\MAVEN\3.0.5\apache-maven-3.0.5\bin;;.]
2019/10/18-10:55:39----[restartedMain]----INFO----org.apache.jasper.servlet.TldScanner-----At least one JAR was scanned for TLDs yet contained no TLDs. Enable debug logging for this logger for a complete list of JARs that were scanned but no TLDs were found in them. Skipping unneeded JARs during scanning can improve startup time and JSP compilation time.
2019/10/18-10:55:39----[restartedMain]----INFO----org.apache.catalina.core.ContainerBase.[Tomcat].[localhost].[/]-----Initializing Spring embedded WebApplicationContext
2019/10/18-10:55:39----[restartedMain]----INFO----org.springframework.web.context.ContextLoader-----Root WebApplicationContext: initialization completed in 976 ms
2019/10/18-10:55:40----[restartedMain]----INFO----org.springframework.scheduling.concurrent.ThreadPoolTaskExecutor-----Initializing ExecutorService 'applicationTaskExecutor'
2019/10/18-10:55:40----[restartedMain]----INFO----org.springframework.boot.devtools.autoconfigure.OptionalLiveReloadServer-----LiveReload server is running on port 35729
2019/10/18-10:55:40----[restartedMain]----INFO----org.apache.coyote.http11.Http11NioProtocol-----Starting ProtocolHandler ["http-nio-8090"]
2019/10/18-10:55:40----[restartedMain]----INFO----org.apache.tomcat.util.net.NioSelectorPool-----Using a shared selector for servlet write/read
2019/10/18-10:55:40----[restartedMain]----INFO----org.apache.coyote.http11.Http11NioProtocol-----Pausing ProtocolHandler ["http-nio-8090"]
2019/10/18-10:55:40----[restartedMain]----INFO----org.apache.catalina.core.StandardService-----Stopping service [Tomcat]
2019/10/18-10:55:40----[restartedMain]----INFO----org.apache.catalina.util.LifecycleBase-----The stop() method was called on component [StandardServer[-1]] after stop() had already been called. The second call will be ignored.
2019/10/18-10:55:40----[restartedMain]----INFO----org.apache.coyote.http11.Http11NioProtocol-----Stopping ProtocolHandler ["http-nio-8090"]
2019/10/18-10:55:40----[restartedMain]----INFO----org.apache.coyote.http11.Http11NioProtocol-----Destroying ProtocolHandler ["http-nio-8090"]
2019/10/18-10:55:40----[restartedMain]----INFO----org.springframework.boot.autoconfigure.logging.ConditionEvaluationReportLoggingListener-----

Error starting ApplicationContext. To display the conditions report re-run your application with 'debug' enabled.
2019/10/18-10:55:40----[restartedMain]----INFO----org.springframework.scheduling.concurrent.ThreadPoolTaskExecutor-----Shutting down ExecutorService 'applicationTaskExecutor'
2019/10/18-10:57:52----[restartedMain]----INFO----com.syh.officeboot.zjrcu.ZjrcuApplication-----Starting ZjrcuApplication on LAPTOP-3JD1R4SJ with PID 7452 (D:\IntelliJ\IdeaProjects\zjrcu\target\classes started by syh in D:\IntelliJ\IdeaProjects\zjrcu)
2019/10/18-10:57:52----[restartedMain]----INFO----com.syh.officeboot.zjrcu.ZjrcuApplication-----No active profile set, falling back to default profiles: default
2019/10/18-10:57:52----[restartedMain]----INFO----org.springframework.boot.devtools.env.DevToolsPropertyDefaultsPostProcessor-----Devtools property defaults active! Set 'spring.devtools.add-properties' to 'false' to disable
2019/10/18-10:57:52----[restartedMain]----INFO----org.springframework.boot.devtools.env.DevToolsPropertyDefaultsPostProcessor-----For additional web related logging consider setting the 'logging.level.web' property to 'DEBUG'
2019/10/18-10:57:53----[restartedMain]----INFO----org.springframework.boot.web.embedded.tomcat.TomcatWebServer-----Tomcat initialized with port(s): 8090 (http)
2019/10/18-10:57:53----[restartedMain]----INFO----org.apache.coyote.http11.Http11NioProtocol-----Initializing ProtocolHandler ["http-nio-8090"]
2019/10/18-10:57:53----[restartedMain]----INFO----org.apache.catalina.core.StandardService-----Starting service [Tomcat]
2019/10/18-10:57:53----[restartedMain]----INFO----org.apache.catalina.core.StandardEngine-----Starting Servlet Engine: Apache Tomcat/9.0.13
2019/10/18-10:57:53----[restartedMain]----INFO----org.apache.catalina.core.AprLifecycleListener-----The APR based Apache Tomcat Native library which allows optimal performance in production environments was not found on the java.library.path: [D:\JDK\1.8\bin;C:\WINDOWS\Sun\Java\bin;C:\WINDOWS\system32;C:\WINDOWS;C:\Program Files (x86)\Intel\iCLS Client\;C:\Program Files\Intel\iCLS Client\;C:\Windows\system32;C:\Windows;C:\Windows\System32\Wbem;C:\Windows\System32\WindowsPowerShell\v1.0\;C:\Program Files (x86)\NVIDIA Corporation\PhysX\Common;C:\Program Files (x86)\Intel\Intel(R) Management Engine Components\DAL;C:\Program Files\Intel\Intel(R) Management Engine Components\DAL;C:\Program Files (x86)\Intel\Intel(R) Management Engine Components\IPT;C:\Program Files\Intel\Intel(R) Management Engine Components\IPT;C:\WINDOWS\system32;C:\WINDOWS;C:\WINDOWS\System32\Wbem;C:\WINDOWS\System32\WindowsPowerShell\v1.0\;C:\WINDOWS\System32\OpenSSH\;C:\MinGW\bin;D:\git\Git\cmd;C:\Users\syh\AppData\Local\Microsoft\WindowsApps;D:\JDK\1.8\bin;D:\MAVEN\3.0.5\apache-maven-3.0.5\bin;;.]
2019/10/18-10:57:53----[restartedMain]----INFO----org.apache.jasper.servlet.TldScanner-----At least one JAR was scanned for TLDs yet contained no TLDs. Enable debug logging for this logger for a complete list of JARs that were scanned but no TLDs were found in them. Skipping unneeded JARs during scanning can improve startup time and JSP compilation time.
2019/10/18-10:57:53----[restartedMain]----INFO----org.apache.catalina.core.ContainerBase.[Tomcat].[localhost].[/]-----Initializing Spring embedded WebApplicationContext
2019/10/18-10:57:53----[restartedMain]----INFO----org.springframework.web.context.ContextLoader-----Root WebApplicationContext: initialization completed in 975 ms
2019/10/18-10:57:54----[restartedMain]----INFO----org.springframework.scheduling.concurrent.ThreadPoolTaskExecutor-----Initializing ExecutorService 'applicationTaskExecutor'
2019/10/18-10:57:54----[restartedMain]----INFO----org.springframework.boot.devtools.autoconfigure.OptionalLiveReloadServer-----LiveReload server is running on port 35729
2019/10/18-10:57:54----[restartedMain]----INFO----org.apache.coyote.http11.Http11NioProtocol-----Starting ProtocolHandler ["http-nio-8090"]
2019/10/18-10:57:54----[restartedMain]----INFO----org.apache.tomcat.util.net.NioSelectorPool-----Using a shared selector for servlet write/read
2019/10/18-10:57:54----[restartedMain]----INFO----org.apache.coyote.http11.Http11NioProtocol-----Pausing ProtocolHandler ["http-nio-8090"]
2019/10/18-10:57:54----[restartedMain]----INFO----org.apache.catalina.core.StandardService-----Stopping service [Tomcat]
2019/10/18-10:57:54----[restartedMain]----INFO----org.apache.catalina.util.LifecycleBase-----The stop() method was called on component [StandardServer[-1]] after stop() had already been called. The second call will be ignored.
2019/10/18-10:57:54----[restartedMain]----INFO----org.apache.coyote.http11.Http11NioProtocol-----Stopping ProtocolHandler ["http-nio-8090"]
2019/10/18-10:57:54----[restartedMain]----INFO----org.apache.coyote.http11.Http11NioProtocol-----Destroying ProtocolHandler ["http-nio-8090"]
2019/10/18-10:57:54----[restartedMain]----INFO----org.springframework.boot.autoconfigure.logging.ConditionEvaluationReportLoggingListener-----

Error starting ApplicationContext. To display the conditions report re-run your application with 'debug' enabled.
2019/10/18-10:57:54----[restartedMain]----INFO----org.springframework.scheduling.concurrent.ThreadPoolTaskExecutor-----Shutting down ExecutorService 'applicationTaskExecutor'
2019/10/18-14:31:32----[restartedMain]----INFO----com.syh.officeboot.zjrcu.ZjrcuApplication-----Starting ZjrcuApplication on LAPTOP-3JD1R4SJ with PID 12580 (D:\IntelliJ\IdeaProjects\zjrcu\target\classes started by syh in D:\IntelliJ\IdeaProjects\zjrcu)
2019/10/18-14:31:32----[restartedMain]----INFO----com.syh.officeboot.zjrcu.ZjrcuApplication-----No active profile set, falling back to default profiles: default
2019/10/18-14:31:32----[restartedMain]----INFO----org.springframework.boot.devtools.env.DevToolsPropertyDefaultsPostProcessor-----Devtools property defaults active! Set 'spring.devtools.add-properties' to 'false' to disable
2019/10/18-14:31:32----[restartedMain]----INFO----org.springframework.boot.devtools.env.DevToolsPropertyDefaultsPostProcessor-----For additional web related logging consider setting the 'logging.level.web' property to 'DEBUG'
2019/10/18-14:31:34----[restartedMain]----INFO----org.springframework.boot.web.embedded.tomcat.TomcatWebServer-----Tomcat initialized with port(s): 8090 (http)
2019/10/18-14:31:34----[restartedMain]----INFO----org.apache.coyote.http11.Http11NioProtocol-----Initializing ProtocolHandler ["http-nio-8090"]
2019/10/18-14:31:34----[restartedMain]----INFO----org.apache.catalina.core.StandardService-----Starting service [Tomcat]
2019/10/18-14:31:34----[restartedMain]----INFO----org.apache.catalina.core.StandardEngine-----Starting Servlet Engine: Apache Tomcat/9.0.13
2019/10/18-14:31:34----[restartedMain]----INFO----org.apache.catalina.core.AprLifecycleListener-----The APR based Apache Tomcat Native library which allows optimal performance in production environments was not found on the java.library.path: [D:\JDK\1.8\bin;C:\WINDOWS\Sun\Java\bin;C:\WINDOWS\system32;C:\WINDOWS;C:\Program Files (x86)\Intel\iCLS Client\;C:\Program Files\Intel\iCLS Client\;C:\Windows\system32;C:\Windows;C:\Windows\System32\Wbem;C:\Windows\System32\WindowsPowerShell\v1.0\;C:\Program Files (x86)\NVIDIA Corporation\PhysX\Common;C:\Program Files (x86)\Intel\Intel(R) Management Engine Components\DAL;C:\Program Files\Intel\Intel(R) Management Engine Components\DAL;C:\Program Files (x86)\Intel\Intel(R) Management Engine Components\IPT;C:\Program Files\Intel\Intel(R) Management Engine Components\IPT;C:\WINDOWS\system32;C:\WINDOWS;C:\WINDOWS\System32\Wbem;C:\WINDOWS\System32\WindowsPowerShell\v1.0\;C:\WINDOWS\System32\OpenSSH\;C:\MinGW\bin;D:\git\Git\cmd;C:\Users\syh\AppData\Local\Microsoft\WindowsApps;D:\JDK\1.8\bin;D:\MAVEN\3.0.5\apache-maven-3.0.5\bin;;.]
2019/10/18-14:31:34----[restartedMain]----INFO----org.apache.jasper.servlet.TldScanner-----At least one JAR was scanned for TLDs yet contained no TLDs. Enable debug logging for this logger for a complete list of JARs that were scanned but no TLDs were found in them. Skipping unneeded JARs during scanning can improve startup time and JSP compilation time.
2019/10/18-14:31:34----[restartedMain]----INFO----org.apache.catalina.core.ContainerBase.[Tomcat].[localhost].[/]-----Initializing Spring embedded WebApplicationContext
2019/10/18-14:31:34----[restartedMain]----INFO----org.springframework.web.context.ContextLoader-----Root WebApplicationContext: initialization completed in 1741 ms
2019/10/18-14:31:35----[restartedMain]----INFO----org.springframework.scheduling.concurrent.ThreadPoolTaskExecutor-----Initializing ExecutorService 'applicationTaskExecutor'
2019/10/18-14:31:35----[restartedMain]----INFO----org.springframework.boot.devtools.autoconfigure.OptionalLiveReloadServer-----LiveReload server is running on port 35729
2019/10/18-14:31:35----[restartedMain]----INFO----org.apache.coyote.http11.Http11NioProtocol-----Starting ProtocolHandler ["http-nio-8090"]
2019/10/18-14:31:35----[restartedMain]----INFO----org.apache.tomcat.util.net.NioSelectorPool-----Using a shared selector for servlet write/read
2019/10/18-14:31:35----[restartedMain]----INFO----org.apache.coyote.http11.Http11NioProtocol-----Pausing ProtocolHandler ["http-nio-8090"]
2019/10/18-14:31:35----[restartedMain]----INFO----org.apache.catalina.core.StandardService-----Stopping service [Tomcat]
2019/10/18-14:31:35----[restartedMain]----INFO----org.apache.catalina.util.LifecycleBase-----The stop() method was called on component [StandardServer[-1]] after stop() had already been called. The second call will be ignored.
2019/10/18-14:31:35----[restartedMain]----INFO----org.apache.coyote.http11.Http11NioProtocol-----Stopping ProtocolHandler ["http-nio-8090"]
2019/10/18-14:31:35----[restartedMain]----INFO----org.apache.coyote.http11.Http11NioProtocol-----Destroying ProtocolHandler ["http-nio-8090"]
2019/10/18-14:31:35----[restartedMain]----INFO----org.springframework.boot.autoconfigure.logging.ConditionEvaluationReportLoggingListener-----

Error starting ApplicationContext. To display the conditions report re-run your application with 'debug' enabled.
2019/10/18-14:31:35----[restartedMain]----INFO----org.springframework.scheduling.concurrent.ThreadPoolTaskExecutor-----Shutting down ExecutorService 'applicationTaskExecutor'
2019/10/18-14:32:20----[restartedMain]----INFO----com.syh.officeboot.zjrcu.ZjrcuApplication-----Starting ZjrcuApplication on LAPTOP-3JD1R4SJ with PID 10768 (D:\IntelliJ\IdeaProjects\zjrcu\target\classes started by syh in D:\IntelliJ\IdeaProjects\zjrcu)
2019/10/18-14:32:20----[restartedMain]----INFO----com.syh.officeboot.zjrcu.ZjrcuApplication-----No active profile set, falling back to default profiles: default
2019/10/18-14:32:20----[restartedMain]----INFO----org.springframework.boot.devtools.env.DevToolsPropertyDefaultsPostProcessor-----Devtools property defaults active! Set 'spring.devtools.add-properties' to 'false' to disable
2019/10/18-14:32:20----[restartedMain]----INFO----org.springframework.boot.devtools.env.DevToolsPropertyDefaultsPostProcessor-----For additional web related logging consider setting the 'logging.level.web' property to 'DEBUG'
2019/10/18-14:32:21----[restartedMain]----INFO----org.springframework.boot.web.embedded.tomcat.TomcatWebServer-----Tomcat initialized with port(s): 8090 (http)
2019/10/18-14:32:21----[restartedMain]----INFO----org.apache.coyote.http11.Http11NioProtocol-----Initializing ProtocolHandler ["http-nio-8090"]
2019/10/18-14:32:21----[restartedMain]----INFO----org.apache.catalina.core.StandardService-----Starting service [Tomcat]
2019/10/18-14:32:21----[restartedMain]----INFO----org.apache.catalina.core.StandardEngine-----Starting Servlet Engine: Apache Tomcat/9.0.13
2019/10/18-14:32:21----[restartedMain]----INFO----org.apache.catalina.core.AprLifecycleListener-----The APR based Apache Tomcat Native library which allows optimal performance in production environments was not found on the java.library.path: [D:\JDK\1.8\bin;C:\WINDOWS\Sun\Java\bin;C:\WINDOWS\system32;C:\WINDOWS;C:\Program Files (x86)\Intel\iCLS Client\;C:\Program Files\Intel\iCLS Client\;C:\Windows\system32;C:\Windows;C:\Windows\System32\Wbem;C:\Windows\System32\WindowsPowerShell\v1.0\;C:\Program Files (x86)\NVIDIA Corporation\PhysX\Common;C:\Program Files (x86)\Intel\Intel(R) Management Engine Components\DAL;C:\Program Files\Intel\Intel(R) Management Engine Components\DAL;C:\Program Files (x86)\Intel\Intel(R) Management Engine Components\IPT;C:\Program Files\Intel\Intel(R) Management Engine Components\IPT;C:\WINDOWS\system32;C:\WINDOWS;C:\WINDOWS\System32\Wbem;C:\WINDOWS\System32\WindowsPowerShell\v1.0\;C:\WINDOWS\System32\OpenSSH\;C:\MinGW\bin;D:\git\Git\cmd;C:\Users\syh\AppData\Local\Microsoft\WindowsApps;D:\JDK\1.8\bin;D:\MAVEN\3.0.5\apache-maven-3.0.5\bin;;.]
2019/10/18-14:32:21----[restartedMain]----INFO----org.apache.jasper.servlet.TldScanner-----At least one JAR was scanned for TLDs yet contained no TLDs. Enable debug logging for this logger for a complete list of JARs that were scanned but no TLDs were found in them. Skipping unneeded JARs during scanning can improve startup time and JSP compilation time.
2019/10/18-14:32:21----[restartedMain]----INFO----org.apache.catalina.core.ContainerBase.[Tomcat].[localhost].[/]-----Initializing Spring embedded WebApplicationContext
2019/10/18-14:32:21----[restartedMain]----INFO----org.springframework.web.context.ContextLoader-----Root WebApplicationContext: initialization completed in 1015 ms
2019/10/18-14:32:21----[restartedMain]----INFO----org.springframework.scheduling.concurrent.ThreadPoolTaskExecutor-----Initializing ExecutorService 'applicationTaskExecutor'
2019/10/18-14:32:21----[restartedMain]----INFO----org.springframework.boot.devtools.autoconfigure.OptionalLiveReloadServer-----LiveReload server is running on port 35729
2019/10/18-14:32:21----[restartedMain]----INFO----org.apache.coyote.http11.Http11NioProtocol-----Starting ProtocolHandler ["http-nio-8090"]
2019/10/18-14:32:21----[restartedMain]----INFO----org.apache.tomcat.util.net.NioSelectorPool-----Using a shared selector for servlet write/read
2019/10/18-14:32:21----[restartedMain]----INFO----org.apache.coyote.http11.Http11NioProtocol-----Pausing ProtocolHandler ["http-nio-8090"]
2019/10/18-14:32:21----[restartedMain]----INFO----org.apache.catalina.core.StandardService-----Stopping service [Tomcat]
2019/10/18-14:32:21----[restartedMain]----INFO----org.apache.catalina.util.LifecycleBase-----The stop() method was called on component [StandardServer[-1]] after stop() had already been called. The second call will be ignored.
2019/10/18-14:32:21----[restartedMain]----INFO----org.apache.coyote.http11.Http11NioProtocol-----Stopping ProtocolHandler ["http-nio-8090"]
2019/10/18-14:32:21----[restartedMain]----INFO----org.apache.coyote.http11.Http11NioProtocol-----Destroying ProtocolHandler ["http-nio-8090"]
2019/10/18-14:32:21----[restartedMain]----INFO----org.springframework.boot.autoconfigure.logging.ConditionEvaluationReportLoggingListener-----

Error starting ApplicationContext. To display the conditions report re-run your application with 'debug' enabled.
2019/10/18-14:32:21----[restartedMain]----INFO----org.springframework.scheduling.concurrent.ThreadPoolTaskExecutor-----Shutting down ExecutorService 'applicationTaskExecutor'
2019/10/18-14:35:23----[restartedMain]----INFO----com.syh.officeboot.zjrcu.ZjrcuApplication-----Starting ZjrcuApplication on LAPTOP-3JD1R4SJ with PID 11256 (D:\IntelliJ\IdeaProjects\zjrcu\target\classes started by syh in D:\IntelliJ\IdeaProjects\zjrcu)
2019/10/18-14:35:23----[restartedMain]----INFO----com.syh.officeboot.zjrcu.ZjrcuApplication-----No active profile set, falling back to default profiles: default
2019/10/18-14:35:23----[restartedMain]----INFO----org.springframework.boot.devtools.env.DevToolsPropertyDefaultsPostProcessor-----Devtools property defaults active! Set 'spring.devtools.add-properties' to 'false' to disable
2019/10/18-14:35:23----[restartedMain]----INFO----org.springframework.boot.devtools.env.DevToolsPropertyDefaultsPostProcessor-----For additional web related logging consider setting the 'logging.level.web' property to 'DEBUG'
2019/10/18-14:35:24----[restartedMain]----INFO----org.springframework.boot.web.embedded.tomcat.TomcatWebServer-----Tomcat initialized with port(s): 8090 (http)
2019/10/18-14:35:24----[restartedMain]----INFO----org.apache.coyote.http11.Http11NioProtocol-----Initializing ProtocolHandler ["http-nio-8090"]
2019/10/18-14:35:24----[restartedMain]----INFO----org.apache.catalina.core.StandardService-----Starting service [Tomcat]
2019/10/18-14:35:24----[restartedMain]----INFO----org.apache.catalina.core.StandardEngine-----Starting Servlet Engine: Apache Tomcat/9.0.13
2019/10/18-14:35:24----[restartedMain]----INFO----org.apache.catalina.core.AprLifecycleListener-----The APR based Apache Tomcat Native library which allows optimal performance in production environments was not found on the java.library.path: [D:\JDK\1.8\bin;C:\WINDOWS\Sun\Java\bin;C:\WINDOWS\system32;C:\WINDOWS;C:\Program Files (x86)\Intel\iCLS Client\;C:\Program Files\Intel\iCLS Client\;C:\Windows\system32;C:\Windows;C:\Windows\System32\Wbem;C:\Windows\System32\WindowsPowerShell\v1.0\;C:\Program Files (x86)\NVIDIA Corporation\PhysX\Common;C:\Program Files (x86)\Intel\Intel(R) Management Engine Components\DAL;C:\Program Files\Intel\Intel(R) Management Engine Components\DAL;C:\Program Files (x86)\Intel\Intel(R) Management Engine Components\IPT;C:\Program Files\Intel\Intel(R) Management Engine Components\IPT;C:\WINDOWS\system32;C:\WINDOWS;C:\WINDOWS\System32\Wbem;C:\WINDOWS\System32\WindowsPowerShell\v1.0\;C:\WINDOWS\System32\OpenSSH\;C:\MinGW\bin;D:\git\Git\cmd;C:\Users\syh\AppData\Local\Microsoft\WindowsApps;D:\JDK\1.8\bin;D:\MAVEN\3.0.5\apache-maven-3.0.5\bin;;.]
2019/10/18-14:35:24----[restartedMain]----INFO----org.apache.jasper.servlet.TldScanner-----At least one JAR was scanned for TLDs yet contained no TLDs. Enable debug logging for this logger for a complete list of JARs that were scanned but no TLDs were found in them. Skipping unneeded JARs during scanning can improve startup time and JSP compilation time.
2019/10/18-14:35:24----[restartedMain]----INFO----org.apache.catalina.core.ContainerBase.[Tomcat].[localhost].[/]-----Initializing Spring embedded WebApplicationContext
2019/10/18-14:35:24----[restartedMain]----INFO----org.springframework.web.context.ContextLoader-----Root WebApplicationContext: initialization completed in 1056 ms
2019/10/18-14:35:25----[restartedMain]----INFO----org.springframework.scheduling.concurrent.ThreadPoolTaskExecutor-----Initializing ExecutorService 'applicationTaskExecutor'
2019/10/18-14:35:25----[restartedMain]----INFO----org.springframework.boot.devtools.autoconfigure.OptionalLiveReloadServer-----LiveReload server is running on port 35729
2019/10/18-14:35:25----[restartedMain]----INFO----org.apache.coyote.http11.Http11NioProtocol-----Starting ProtocolHandler ["http-nio-8090"]
2019/10/18-14:35:25----[restartedMain]----INFO----org.apache.tomcat.util.net.NioSelectorPool-----Using a shared selector for servlet write/read
2019/10/18-14:35:25----[restartedMain]----INFO----org.apache.coyote.http11.Http11NioProtocol-----Pausing ProtocolHandler ["http-nio-8090"]
2019/10/18-14:35:25----[restartedMain]----INFO----org.apache.catalina.core.StandardService-----Stopping service [Tomcat]
2019/10/18-14:35:25----[restartedMain]----INFO----org.apache.catalina.util.LifecycleBase-----The stop() method was called on component [StandardServer[-1]] after stop() had already been called. The second call will be ignored.
2019/10/18-14:35:25----[restartedMain]----INFO----org.apache.coyote.http11.Http11NioProtocol-----Stopping ProtocolHandler ["http-nio-8090"]
2019/10/18-14:35:25----[restartedMain]----INFO----org.apache.coyote.http11.Http11NioProtocol-----Destroying ProtocolHandler ["http-nio-8090"]
2019/10/18-14:35:25----[restartedMain]----INFO----org.springframework.boot.autoconfigure.logging.ConditionEvaluationReportLoggingListener-----

Error starting ApplicationContext. To display the conditions report re-run your application with 'debug' enabled.
2019/10/18-14:35:25----[restartedMain]----INFO----org.springframework.scheduling.concurrent.ThreadPoolTaskExecutor-----Shutting down ExecutorService 'applicationTaskExecutor'
2019/10/18-14:37:55----[restartedMain]----INFO----com.syh.officeboot.zjrcu.ZjrcuApplication-----Starting ZjrcuApplication on LAPTOP-3JD1R4SJ with PID 7852 (D:\IntelliJ\IdeaProjects\zjrcu\target\classes started by syh in D:\IntelliJ\IdeaProjects\zjrcu)
2019/10/18-14:37:55----[restartedMain]----INFO----com.syh.officeboot.zjrcu.ZjrcuApplication-----No active profile set, falling back to default profiles: default
2019/10/18-14:37:55----[restartedMain]----INFO----org.springframework.boot.devtools.env.DevToolsPropertyDefaultsPostProcessor-----Devtools property defaults active! Set 'spring.devtools.add-properties' to 'false' to disable
2019/10/18-14:37:55----[restartedMain]----INFO----org.springframework.boot.devtools.env.DevToolsPropertyDefaultsPostProcessor-----For additional web related logging consider setting the 'logging.level.web' property to 'DEBUG'
2019/10/18-14:37:56----[restartedMain]----INFO----org.springframework.boot.web.embedded.tomcat.TomcatWebServer-----Tomcat initialized with port(s): 8090 (http)
2019/10/18-14:37:56----[restartedMain]----INFO----org.apache.coyote.http11.Http11NioProtocol-----Initializing ProtocolHandler ["http-nio-8090"]
2019/10/18-14:37:56----[restartedMain]----INFO----org.apache.catalina.core.StandardService-----Starting service [Tomcat]
2019/10/18-14:37:56----[restartedMain]----INFO----org.apache.catalina.core.StandardEngine-----Starting Servlet Engine: Apache Tomcat/9.0.13
2019/10/18-14:37:56----[restartedMain]----INFO----org.apache.catalina.core.AprLifecycleListener-----The APR based Apache Tomcat Native library which allows optimal performance in production environments was not found on the java.library.path: [D:\JDK\1.8\bin;C:\WINDOWS\Sun\Java\bin;C:\WINDOWS\system32;C:\WINDOWS;C:\Program Files (x86)\Intel\iCLS Client\;C:\Program Files\Intel\iCLS Client\;C:\Windows\system32;C:\Windows;C:\Windows\System32\Wbem;C:\Windows\System32\WindowsPowerShell\v1.0\;C:\Program Files (x86)\NVIDIA Corporation\PhysX\Common;C:\Program Files (x86)\Intel\Intel(R) Management Engine Components\DAL;C:\Program Files\Intel\Intel(R) Management Engine Components\DAL;C:\Program Files (x86)\Intel\Intel(R) Management Engine Components\IPT;C:\Program Files\Intel\Intel(R) Management Engine Components\IPT;C:\WINDOWS\system32;C:\WINDOWS;C:\WINDOWS\System32\Wbem;C:\WINDOWS\System32\WindowsPowerShell\v1.0\;C:\WINDOWS\System32\OpenSSH\;C:\MinGW\bin;D:\git\Git\cmd;C:\Users\syh\AppData\Local\Microsoft\WindowsApps;D:\JDK\1.8\bin;D:\MAVEN\3.0.5\apache-maven-3.0.5\bin;;.]
2019/10/18-14:37:56----[restartedMain]----INFO----org.apache.jasper.servlet.TldScanner-----At least one JAR was scanned for TLDs yet contained no TLDs. Enable debug logging for this logger for a complete list of JARs that were scanned but no TLDs were found in them. Skipping unneeded JARs during scanning can improve startup time and JSP compilation time.
2019/10/18-14:37:56----[restartedMain]----INFO----org.apache.catalina.core.ContainerBase.[Tomcat].[localhost].[/]-----Initializing Spring embedded WebApplicationContext
2019/10/18-14:37:56----[restartedMain]----INFO----org.springframework.web.context.ContextLoader-----Root WebApplicationContext: initialization completed in 1021 ms
2019/10/18-14:37:56----[restartedMain]----INFO----org.springframework.scheduling.concurrent.ThreadPoolTaskExecutor-----Initializing ExecutorService 'applicationTaskExecutor'
2019/10/18-14:37:56----[restartedMain]----INFO----org.springframework.boot.devtools.autoconfigure.OptionalLiveReloadServer-----LiveReload server is running on port 35729
2019/10/18-14:37:56----[restartedMain]----INFO----org.apache.coyote.http11.Http11NioProtocol-----Starting ProtocolHandler ["http-nio-8090"]
2019/10/18-14:37:56----[restartedMain]----INFO----org.apache.tomcat.util.net.NioSelectorPool-----Using a shared selector for servlet write/read
2019/10/18-14:37:57----[restartedMain]----INFO----org.springframework.boot.web.embedded.tomcat.TomcatWebServer-----Tomcat started on port(s): 8090 (http) with context path ''
2019/10/18-14:37:57----[restartedMain]----INFO----com.syh.officeboot.zjrcu.ZjrcuApplication-----Started ZjrcuApplication in 1.99 seconds (JVM running for 2.654)
2019/10/18-14:39:27----[http-nio-8090-exec-1]----INFO----org.apache.catalina.core.ContainerBase.[Tomcat].[localhost].[/]-----Initializing Spring DispatcherServlet 'dispatcherServlet'
2019/10/18-14:39:27----[http-nio-8090-exec-1]----INFO----org.springframework.web.servlet.DispatcherServlet-----Initializing Servlet 'dispatcherServlet'
2019/10/18-14:39:27----[http-nio-8090-exec-1]----INFO----org.springframework.web.servlet.DispatcherServlet-----Completed initialization in 5 ms
2019/10/18-14:47:53----[http-nio-8090-exec-2]----INFO----com.zaxxer.hikari.HikariDataSource-----office - Starting...
2019/10/18-14:48:11----[http-nio-8090-exec-4]----INFO----com.zaxxer.hikari.HikariDataSource-----office - Starting...
2019/10/18-14:50:28----[http-nio-8090-exec-1]----INFO----com.zaxxer.hikari.HikariDataSource-----office - Starting...
2019/10/18-14:50:29----[http-nio-8090-exec-1]----INFO----com.zaxxer.hikari.HikariDataSource-----office - Start completed.
2019/10/18-14:50:29----[http-nio-8090-exec-2]----INFO----com.syh.officeboot.zjrcu.controller.LoginController-----
2019/10/18-15:11:25----[restartedMain]----INFO----com.syh.officeboot.zjrcu.ZjrcuApplication-----Starting ZjrcuApplication on LAPTOP-3JD1R4SJ with PID 12420 (D:\IntelliJ\IdeaProjects\zjrcu\target\classes started by syh in D:\IntelliJ\IdeaProjects\zjrcu)
2019/10/18-15:11:25----[restartedMain]----INFO----com.syh.officeboot.zjrcu.ZjrcuApplication-----No active profile set, falling back to default profiles: default
2019/10/18-15:11:25----[restartedMain]----INFO----org.springframework.boot.devtools.env.DevToolsPropertyDefaultsPostProcessor-----Devtools property defaults active! Set 'spring.devtools.add-properties' to 'false' to disable
2019/10/18-15:11:25----[restartedMain]----INFO----org.springframework.boot.devtools.env.DevToolsPropertyDefaultsPostProcessor-----For additional web related logging consider setting the 'logging.level.web' property to 'DEBUG'
2019/10/18-15:11:26----[restartedMain]----INFO----org.springframework.boot.web.embedded.tomcat.TomcatWebServer-----Tomcat initialized with port(s): 8090 (http)
2019/10/18-15:11:26----[restartedMain]----INFO----org.apache.coyote.http11.Http11NioProtocol-----Initializing ProtocolHandler ["http-nio-8090"]
2019/10/18-15:11:26----[restartedMain]----INFO----org.apache.catalina.core.StandardService-----Starting service [Tomcat]
2019/10/18-15:11:26----[restartedMain]----INFO----org.apache.catalina.core.StandardEngine-----Starting Servlet Engine: Apache Tomcat/9.0.13
2019/10/18-15:11:26----[restartedMain]----INFO----org.apache.catalina.core.AprLifecycleListener-----The APR based Apache Tomcat Native library which allows optimal performance in production environments was not found on the java.library.path: [D:\JDK\1.8\bin;C:\WINDOWS\Sun\Java\bin;C:\WINDOWS\system32;C:\WINDOWS;C:\Program Files (x86)\Intel\iCLS Client\;C:\Program Files\Intel\iCLS Client\;C:\Windows\system32;C:\Windows;C:\Windows\System32\Wbem;C:\Windows\System32\WindowsPowerShell\v1.0\;C:\Program Files (x86)\NVIDIA Corporation\PhysX\Common;C:\Program Files (x86)\Intel\Intel(R) Management Engine Components\DAL;C:\Program Files\Intel\Intel(R) Management Engine Components\DAL;C:\Program Files (x86)\Intel\Intel(R) Management Engine Components\IPT;C:\Program Files\Intel\Intel(R) Management Engine Components\IPT;C:\WINDOWS\system32;C:\WINDOWS;C:\WINDOWS\System32\Wbem;C:\WINDOWS\System32\WindowsPowerShell\v1.0\;C:\WINDOWS\System32\OpenSSH\;C:\MinGW\bin;D:\git\Git\cmd;C:\Users\syh\AppData\Local\Microsoft\WindowsApps;D:\JDK\1.8\bin;D:\MAVEN\3.0.5\apache-maven-3.0.5\bin;;.]
2019/10/18-15:11:26----[restartedMain]----INFO----org.apache.jasper.servlet.TldScanner-----At least one JAR was scanned for TLDs yet contained no TLDs. Enable debug logging for this logger for a complete list of JARs that were scanned but no TLDs were found in them. Skipping unneeded JARs during scanning can improve startup time and JSP compilation time.
2019/10/18-15:11:26----[restartedMain]----INFO----org.apache.catalina.core.ContainerBase.[Tomcat].[localhost].[/]-----Initializing Spring embedded WebApplicationContext
2019/10/18-15:11:26----[restartedMain]----INFO----org.springframework.web.context.ContextLoader-----Root WebApplicationContext: initialization completed in 988 ms
2019/10/18-15:11:27----[restartedMain]----INFO----org.springframework.scheduling.concurrent.ThreadPoolTaskExecutor-----Initializing ExecutorService 'applicationTaskExecutor'
2019/10/18-15:11:27----[restartedMain]----INFO----org.springframework.boot.devtools.autoconfigure.OptionalLiveReloadServer-----LiveReload server is running on port 35729
2019/10/18-15:11:27----[restartedMain]----INFO----org.apache.coyote.http11.Http11NioProtocol-----Starting ProtocolHandler ["http-nio-8090"]
2019/10/18-15:11:27----[restartedMain]----INFO----org.apache.tomcat.util.net.NioSelectorPool-----Using a shared selector for servlet write/read
2019/10/18-15:11:27----[restartedMain]----INFO----org.springframework.boot.web.embedded.tomcat.TomcatWebServer-----Tomcat started on port(s): 8090 (http) with context path ''
2019/10/18-15:11:27----[restartedMain]----INFO----com.syh.officeboot.zjrcu.ZjrcuApplication-----Started ZjrcuApplication in 1.9 seconds (JVM running for 2.873)
2019/10/18-15:11:27----[http-nio-8090-exec-1]----INFO----org.apache.catalina.core.ContainerBase.[Tomcat].[localhost].[/]-----Initializing Spring DispatcherServlet 'dispatcherServlet'
2019/10/18-15:11:27----[http-nio-8090-exec-1]----INFO----org.springframework.web.servlet.DispatcherServlet-----Initializing Servlet 'dispatcherServlet'
2019/10/18-15:11:27----[http-nio-8090-exec-1]----INFO----org.springframework.web.servlet.DispatcherServlet-----Completed initialization in 7 ms
2019/10/18-15:11:37----[http-nio-8090-exec-5]----INFO----com.zaxxer.hikari.HikariDataSource-----office - Starting...
2019/10/18-15:11:37----[http-nio-8090-exec-5]----INFO----com.zaxxer.hikari.HikariDataSource-----office - Start completed.
2019/10/18-15:11:37----[http-nio-8090-exec-4]----INFO----com.syh.officeboot.zjrcu.controller.LoginController-----
2019/10/18-15:13:38----[Thread-10]----INFO----org.springframework.scheduling.concurrent.ThreadPoolTaskExecutor-----Shutting down ExecutorService 'applicationTaskExecutor'
2019/10/18-15:13:38----[Thread-10]----INFO----com.zaxxer.hikari.HikariDataSource-----office - Shutdown initiated...
2019/10/18-15:13:38----[Thread-10]----INFO----com.zaxxer.hikari.HikariDataSource-----office - Shutdown completed.
2019/10/18-15:13:38----[restartedMain]----INFO----com.syh.officeboot.zjrcu.ZjrcuApplication-----Starting ZjrcuApplication on LAPTOP-3JD1R4SJ with PID 12420 (D:\IntelliJ\IdeaProjects\zjrcu\target\classes started by syh in D:\IntelliJ\IdeaProjects\zjrcu)
2019/10/18-15:13:38----[restartedMain]----INFO----com.syh.officeboot.zjrcu.ZjrcuApplication-----No active profile set, falling back to default profiles: default
2019/10/18-15:13:39----[restartedMain]----INFO----org.springframework.boot.web.embedded.tomcat.TomcatWebServer-----Tomcat initialized with port(s): 8090 (http)
2019/10/18-15:13:39----[restartedMain]----INFO----org.apache.coyote.http11.Http11NioProtocol-----Initializing ProtocolHandler ["http-nio-8090"]
2019/10/18-15:13:39----[restartedMain]----INFO----org.apache.catalina.core.StandardService-----Starting service [Tomcat]
2019/10/18-15:13:39----[restartedMain]----INFO----org.apache.catalina.core.StandardEngine-----Starting Servlet Engine: Apache Tomcat/9.0.13
2019/10/18-15:13:39----[restartedMain]----INFO----org.apache.jasper.servlet.TldScanner-----At least one JAR was scanned for TLDs yet contained no TLDs. Enable debug logging for this logger for a complete list of JARs that were scanned but no TLDs were found in them. Skipping unneeded JARs during scanning can improve startup time and JSP compilation time.
2019/10/18-15:13:39----[restartedMain]----INFO----org.apache.catalina.core.ContainerBase.[Tomcat].[localhost].[/]-----Initializing Spring embedded WebApplicationContext
2019/10/18-15:13:39----[restartedMain]----INFO----org.springframework.web.context.ContextLoader-----Root WebApplicationContext: initialization completed in 333 ms
2019/10/18-15:13:39----[restartedMain]----INFO----org.springframework.scheduling.concurrent.ThreadPoolTaskExecutor-----Initializing ExecutorService 'applicationTaskExecutor'
2019/10/18-15:13:39----[restartedMain]----INFO----org.springframework.boot.devtools.autoconfigure.OptionalLiveReloadServer-----LiveReload server is running on port 35729
2019/10/18-15:13:39----[restartedMain]----INFO----org.apache.coyote.http11.Http11NioProtocol-----Starting ProtocolHandler ["http-nio-8090"]
2019/10/18-15:13:39----[restartedMain]----INFO----org.apache.tomcat.util.net.NioSelectorPool-----Using a shared selector for servlet write/read
2019/10/18-15:13:39----[restartedMain]----INFO----org.springframework.boot.web.embedded.tomcat.TomcatWebServer-----Tomcat started on port(s): 8090 (http) with context path ''
2019/10/18-15:13:39----[restartedMain]----INFO----com.syh.officeboot.zjrcu.ZjrcuApplication-----Started ZjrcuApplication in 0.615 seconds (JVM running for 134.862)
2019/10/18-15:13:39----[restartedMain]----INFO----org.springframework.boot.devtools.autoconfigure.ConditionEvaluationDeltaLoggingListener-----Condition evaluation unchanged
2019/10/18-15:14:18----[restartedMain]----INFO----com.syh.officeboot.zjrcu.ZjrcuApplication-----Starting ZjrcuApplication on LAPTOP-3JD1R4SJ with PID 10872 (D:\IntelliJ\IdeaProjects\zjrcu\target\classes started by syh in D:\IntelliJ\IdeaProjects\zjrcu)
2019/10/18-15:14:18----[restartedMain]----INFO----com.syh.officeboot.zjrcu.ZjrcuApplication-----No active profile set, falling back to default profiles: default
2019/10/18-15:14:18----[restartedMain]----INFO----org.springframework.boot.devtools.env.DevToolsPropertyDefaultsPostProcessor-----Devtools property defaults active! Set 'spring.devtools.add-properties' to 'false' to disable
2019/10/18-15:14:18----[restartedMain]----INFO----org.springframework.boot.devtools.env.DevToolsPropertyDefaultsPostProcessor-----For additional web related logging consider setting the 'logging.level.web' property to 'DEBUG'
2019/10/18-15:14:19----[restartedMain]----INFO----org.springframework.boot.web.embedded.tomcat.TomcatWebServer-----Tomcat initialized with port(s): 8090 (http)
2019/10/18-15:14:19----[restartedMain]----INFO----org.apache.coyote.http11.Http11NioProtocol-----Initializing ProtocolHandler ["http-nio-8090"]
2019/10/18-15:14:19----[restartedMain]----INFO----org.apache.catalina.core.StandardService-----Starting service [Tomcat]
2019/10/18-15:14:19----[restartedMain]----INFO----org.apache.catalina.core.StandardEngine-----Starting Servlet Engine: Apache Tomcat/9.0.13
2019/10/18-15:14:19----[restartedMain]----INFO----org.apache.catalina.core.AprLifecycleListener-----The APR based Apache Tomcat Native library which allows optimal performance in production environments was not found on the java.library.path: [D:\JDK\1.8\bin;C:\WINDOWS\Sun\Java\bin;C:\WINDOWS\system32;C:\WINDOWS;C:\Program Files (x86)\Intel\iCLS Client\;C:\Program Files\Intel\iCLS Client\;C:\Windows\system32;C:\Windows;C:\Windows\System32\Wbem;C:\Windows\System32\WindowsPowerShell\v1.0\;C:\Program Files (x86)\NVIDIA Corporation\PhysX\Common;C:\Program Files (x86)\Intel\Intel(R) Management Engine Components\DAL;C:\Program Files\Intel\Intel(R) Management Engine Components\DAL;C:\Program Files (x86)\Intel\Intel(R) Management Engine Components\IPT;C:\Program Files\Intel\Intel(R) Management Engine Components\IPT;C:\WINDOWS\system32;C:\WINDOWS;C:\WINDOWS\System32\Wbem;C:\WINDOWS\System32\WindowsPowerShell\v1.0\;C:\WINDOWS\System32\OpenSSH\;C:\MinGW\bin;D:\git\Git\cmd;C:\Users\syh\AppData\Local\Microsoft\WindowsApps;D:\JDK\1.8\bin;D:\MAVEN\3.0.5\apache-maven-3.0.5\bin;;.]
2019/10/18-15:14:19----[restartedMain]----INFO----org.apache.jasper.servlet.TldScanner-----At least one JAR was scanned for TLDs yet contained no TLDs. Enable debug logging for this logger for a complete list of JARs that were scanned but no TLDs were found in them. Skipping unneeded JARs during scanning can improve startup time and JSP compilation time.
2019/10/18-15:14:19----[restartedMain]----INFO----org.apache.catalina.core.ContainerBase.[Tomcat].[localhost].[/]-----Initializing Spring embedded WebApplicationContext
2019/10/18-15:14:19----[restartedMain]----INFO----org.springframework.web.context.ContextLoader-----Root WebApplicationContext: initialization completed in 997 ms
2019/10/18-15:14:20----[restartedMain]----INFO----org.springframework.scheduling.concurrent.ThreadPoolTaskExecutor-----Initializing ExecutorService 'applicationTaskExecutor'
2019/10/18-15:14:20----[restartedMain]----INFO----org.springframework.boot.devtools.autoconfigure.OptionalLiveReloadServer-----LiveReload server is running on port 35729
2019/10/18-15:14:20----[restartedMain]----INFO----org.apache.coyote.http11.Http11NioProtocol-----Starting ProtocolHandler ["http-nio-8090"]
2019/10/18-15:14:20----[restartedMain]----INFO----org.apache.tomcat.util.net.NioSelectorPool-----Using a shared selector for servlet write/read
2019/10/18-15:14:20----[restartedMain]----INFO----org.springframework.boot.web.embedded.tomcat.TomcatWebServer-----Tomcat started on port(s): 8090 (http) with context path ''
2019/10/18-15:14:20----[restartedMain]----INFO----com.syh.officeboot.zjrcu.ZjrcuApplication-----Started ZjrcuApplication in 1.935 seconds (JVM running for 2.576)
2019/10/18-15:14:29----[http-nio-8090-exec-1]----INFO----org.apache.catalina.core.ContainerBase.[Tomcat].[localhost].[/]-----Initializing Spring DispatcherServlet 'dispatcherServlet'
2019/10/18-15:14:29----[http-nio-8090-exec-1]----INFO----org.springframework.web.servlet.DispatcherServlet-----Initializing Servlet 'dispatcherServlet'
2019/10/18-15:14:29----[http-nio-8090-exec-1]----INFO----org.springframework.web.servlet.DispatcherServlet-----Completed initialization in 4 ms
2019/10/18-15:14:33----[http-nio-8090-exec-10]----INFO----com.zaxxer.hikari.HikariDataSource-----office - Starting...
2019/10/18-15:14:33----[http-nio-8090-exec-10]----INFO----com.zaxxer.hikari.HikariDataSource-----office - Start completed.
2019/10/18-15:14:33----[http-nio-8090-exec-7]----INFO----com.syh.officeboot.zjrcu.controller.LoginController-----
2019/10/18-15:16:54----[restartedMain]----INFO----com.syh.officeboot.zjrcu.ZjrcuApplication-----Starting ZjrcuApplication on LAPTOP-3JD1R4SJ with PID 13548 (D:\IntelliJ\IdeaProjects\zjrcu\target\classes started by syh in D:\IntelliJ\IdeaProjects\zjrcu)
2019/10/18-15:16:54----[restartedMain]----INFO----com.syh.officeboot.zjrcu.ZjrcuApplication-----No active profile set, falling back to default profiles: default
2019/10/18-15:16:54----[restartedMain]----INFO----org.springframework.boot.devtools.env.DevToolsPropertyDefaultsPostProcessor-----Devtools property defaults active! Set 'spring.devtools.add-properties' to 'false' to disable
2019/10/18-15:16:54----[restartedMain]----INFO----org.springframework.boot.devtools.env.DevToolsPropertyDefaultsPostProcessor-----For additional web related logging consider setting the 'logging.level.web' property to 'DEBUG'
2019/10/18-15:16:55----[restartedMain]----INFO----org.springframework.boot.web.embedded.tomcat.TomcatWebServer-----Tomcat initialized with port(s): 8090 (http)
2019/10/18-15:16:55----[restartedMain]----INFO----org.apache.coyote.http11.Http11NioProtocol-----Initializing ProtocolHandler ["http-nio-8090"]
2019/10/18-15:16:55----[restartedMain]----INFO----org.apache.catalina.core.StandardService-----Starting service [Tomcat]
2019/10/18-15:16:55----[restartedMain]----INFO----org.apache.catalina.core.StandardEngine-----Starting Servlet Engine: Apache Tomcat/9.0.13
2019/10/18-15:16:55----[restartedMain]----INFO----org.apache.catalina.core.AprLifecycleListener-----The APR based Apache Tomcat Native library which allows optimal performance in production environments was not found on the java.library.path: [D:\JDK\1.8\bin;C:\WINDOWS\Sun\Java\bin;C:\WINDOWS\system32;C:\WINDOWS;C:\Program Files (x86)\Intel\iCLS Client\;C:\Program Files\Intel\iCLS Client\;C:\Windows\system32;C:\Windows;C:\Windows\System32\Wbem;C:\Windows\System32\WindowsPowerShell\v1.0\;C:\Program Files (x86)\NVIDIA Corporation\PhysX\Common;C:\Program Files (x86)\Intel\Intel(R) Management Engine Components\DAL;C:\Program Files\Intel\Intel(R) Management Engine Components\DAL;C:\Program Files (x86)\Intel\Intel(R) Management Engine Components\IPT;C:\Program Files\Intel\Intel(R) Management Engine Components\IPT;C:\WINDOWS\system32;C:\WINDOWS;C:\WINDOWS\System32\Wbem;C:\WINDOWS\System32\WindowsPowerShell\v1.0\;C:\WINDOWS\System32\OpenSSH\;C:\MinGW\bin;D:\git\Git\cmd;C:\Users\syh\AppData\Local\Microsoft\WindowsApps;D:\JDK\1.8\bin;D:\MAVEN\3.0.5\apache-maven-3.0.5\bin;;.]
2019/10/18-15:16:55----[restartedMain]----INFO----org.apache.jasper.servlet.TldScanner-----At least one JAR was scanned for TLDs yet contained no TLDs. Enable debug logging for this logger for a complete list of JARs that were scanned but no TLDs were found in them. Skipping unneeded JARs during scanning can improve startup time and JSP compilation time.
2019/10/18-15:16:55----[restartedMain]----INFO----org.apache.catalina.core.ContainerBase.[Tomcat].[localhost].[/]-----Initializing Spring embedded WebApplicationContext
2019/10/18-15:16:55----[restartedMain]----INFO----org.springframework.web.context.ContextLoader-----Root WebApplicationContext: initialization completed in 1000 ms
2019/10/18-15:16:55----[restartedMain]----INFO----org.springframework.scheduling.concurrent.ThreadPoolTaskExecutor-----Initializing ExecutorService 'applicationTaskExecutor'
2019/10/18-15:16:56----[restartedMain]----INFO----org.springframework.boot.devtools.autoconfigure.OptionalLiveReloadServer-----LiveReload server is running on port 35729
2019/10/18-15:16:56----[restartedMain]----INFO----org.apache.coyote.http11.Http11NioProtocol-----Starting ProtocolHandler ["http-nio-8090"]
2019/10/18-15:16:56----[restartedMain]----INFO----org.apache.tomcat.util.net.NioSelectorPool-----Using a shared selector for servlet write/read
2019/10/18-15:16:56----[restartedMain]----INFO----org.springframework.boot.web.embedded.tomcat.TomcatWebServer-----Tomcat started on port(s): 8090 (http) with context path ''
2019/10/18-15:16:56----[restartedMain]----INFO----com.syh.officeboot.zjrcu.ZjrcuApplication-----Started ZjrcuApplication in 1.992 seconds (JVM running for 2.808)
2019/10/18-15:17:08----[http-nio-8090-exec-1]----INFO----org.apache.catalina.core.ContainerBase.[Tomcat].[localhost].[/]-----Initializing Spring DispatcherServlet 'dispatcherServlet'
2019/10/18-15:17:08----[http-nio-8090-exec-1]----INFO----org.springframework.web.servlet.DispatcherServlet-----Initializing Servlet 'dispatcherServlet'
2019/10/18-15:17:08----[http-nio-8090-exec-1]----INFO----org.springframework.web.servlet.DispatcherServlet-----Completed initialization in 3 ms
2019/10/18-15:17:14----[http-nio-8090-exec-3]----INFO----com.zaxxer.hikari.HikariDataSource-----office - Starting...
2019/10/18-15:17:14----[http-nio-8090-exec-3]----INFO----com.zaxxer.hikari.HikariDataSource-----office - Start completed.
2019/10/18-15:17:14----[http-nio-8090-exec-7]----INFO----com.syh.officeboot.zjrcu.controller.LoginController-----
2019/10/18-15:23:45----[restartedMain]----INFO----com.syh.officeboot.zjrcu.ZjrcuApplication-----Starting ZjrcuApplication on LAPTOP-3JD1R4SJ with PID 6624 (D:\IntelliJ\IdeaProjects\zjrcu\target\classes started by syh in D:\IntelliJ\IdeaProjects\zjrcu)
2019/10/18-15:23:45----[restartedMain]----INFO----com.syh.officeboot.zjrcu.ZjrcuApplication-----No active profile set, falling back to default profiles: default
2019/10/18-15:23:45----[restartedMain]----INFO----org.springframework.boot.devtools.env.DevToolsPropertyDefaultsPostProcessor-----Devtools property defaults active! Set 'spring.devtools.add-properties' to 'false' to disable
2019/10/18-15:23:45----[restartedMain]----INFO----org.springframework.boot.devtools.env.DevToolsPropertyDefaultsPostProcessor-----For additional web related logging consider setting the 'logging.level.web' property to 'DEBUG'
2019/10/18-15:23:47----[restartedMain]----INFO----org.springframework.boot.web.embedded.tomcat.TomcatWebServer-----Tomcat initialized with port(s): 8090 (http)
2019/10/18-15:23:47----[restartedMain]----INFO----org.apache.coyote.http11.Http11NioProtocol-----Initializing ProtocolHandler ["http-nio-8090"]
2019/10/18-15:23:47----[restartedMain]----INFO----org.apache.catalina.core.StandardService-----Starting service [Tomcat]
2019/10/18-15:23:47----[restartedMain]----INFO----org.apache.catalina.core.StandardEngine-----Starting Servlet Engine: Apache Tomcat/9.0.13
2019/10/18-15:23:47----[restartedMain]----INFO----org.apache.catalina.core.AprLifecycleListener-----The APR based Apache Tomcat Native library which allows optimal performance in production environments was not found on the java.library.path: [D:\JDK\1.8\bin;C:\WINDOWS\Sun\Java\bin;C:\WINDOWS\system32;C:\WINDOWS;C:\Program Files (x86)\Intel\iCLS Client\;C:\Program Files\Intel\iCLS Client\;C:\Windows\system32;C:\Windows;C:\Windows\System32\Wbem;C:\Windows\System32\WindowsPowerShell\v1.0\;C:\Program Files (x86)\NVIDIA Corporation\PhysX\Common;C:\Program Files (x86)\Intel\Intel(R) Management Engine Components\DAL;C:\Program Files\Intel\Intel(R) Management Engine Components\DAL;C:\Program Files (x86)\Intel\Intel(R) Management Engine Components\IPT;C:\Program Files\Intel\Intel(R) Management Engine Components\IPT;C:\WINDOWS\system32;C:\WINDOWS;C:\WINDOWS\System32\Wbem;C:\WINDOWS\System32\WindowsPowerShell\v1.0\;C:\WINDOWS\System32\OpenSSH\;C:\MinGW\bin;D:\git\Git\cmd;C:\Users\syh\AppData\Local\Microsoft\WindowsApps;D:\JDK\1.8\bin;D:\MAVEN\3.0.5\apache-maven-3.0.5\bin;;.]
2019/10/18-15:23:47----[restartedMain]----INFO----org.apache.jasper.servlet.TldScanner-----At least one JAR was scanned for TLDs yet contained no TLDs. Enable debug logging for this logger for a complete list of JARs that were scanned but no TLDs were found in them. Skipping unneeded JARs during scanning can improve startup time and JSP compilation time.
2019/10/18-15:23:47----[restartedMain]----INFO----org.apache.catalina.core.ContainerBase.[Tomcat].[localhost].[/]-----Initializing Spring embedded WebApplicationContext
2019/10/18-15:23:47----[restartedMain]----INFO----org.springframework.web.context.ContextLoader-----Root WebApplicationContext: initialization completed in 1854 ms
2019/10/18-15:23:48----[restartedMain]----INFO----org.springframework.scheduling.concurrent.ThreadPoolTaskExecutor-----Initializing ExecutorService 'applicationTaskExecutor'
2019/10/18-15:23:48----[restartedMain]----INFO----org.springframework.boot.devtools.autoconfigure.OptionalLiveReloadServer-----LiveReload server is running on port 35729
2019/10/18-15:23:48----[restartedMain]----INFO----org.apache.coyote.http11.Http11NioProtocol-----Starting ProtocolHandler ["http-nio-8090"]
2019/10/18-15:23:48----[restartedMain]----INFO----org.apache.tomcat.util.net.NioSelectorPool-----Using a shared selector for servlet write/read
2019/10/18-15:23:48----[restartedMain]----INFO----org.springframework.boot.web.embedded.tomcat.TomcatWebServer-----Tomcat started on port(s): 8090 (http) with context path ''
2019/10/18-15:23:48----[restartedMain]----INFO----com.syh.officeboot.zjrcu.ZjrcuApplication-----Started ZjrcuApplication in 3.472 seconds (JVM running for 4.629)
2019/10/18-15:23:53----[http-nio-8090-exec-1]----INFO----org.apache.catalina.core.ContainerBase.[Tomcat].[localhost].[/]-----Initializing Spring DispatcherServlet 'dispatcherServlet'
2019/10/18-15:23:53----[http-nio-8090-exec-1]----INFO----org.springframework.web.servlet.DispatcherServlet-----Initializing Servlet 'dispatcherServlet'
2019/10/18-15:23:53----[http-nio-8090-exec-1]----INFO----org.springframework.web.servlet.DispatcherServlet-----Completed initialization in 4 ms
2019/10/18-15:23:59----[http-nio-8090-exec-6]----INFO----com.zaxxer.hikari.HikariDataSource-----office - Starting...
2019/10/18-15:23:59----[http-nio-8090-exec-6]----INFO----com.zaxxer.hikari.HikariDataSource-----office - Start completed.
2019/10/18-15:23:59----[http-nio-8090-exec-7]----INFO----com.syh.officeboot.zjrcu.controller.LoginController-----
2019/10/18-15:25:16----[restartedMain]----INFO----com.syh.officeboot.zjrcu.ZjrcuApplication-----Starting ZjrcuApplication on LAPTOP-3JD1R4SJ with PID 128 (D:\IntelliJ\IdeaProjects\zjrcu\target\classes started by syh in D:\IntelliJ\IdeaProjects\zjrcu)
2019/10/18-15:25:16----[restartedMain]----INFO----com.syh.officeboot.zjrcu.ZjrcuApplication-----No active profile set, falling back to default profiles: default
2019/10/18-15:25:16----[restartedMain]----INFO----org.springframework.boot.devtools.env.DevToolsPropertyDefaultsPostProcessor-----Devtools property defaults active! Set 'spring.devtools.add-properties' to 'false' to disable
2019/10/18-15:25:16----[restartedMain]----INFO----org.springframework.boot.devtools.env.DevToolsPropertyDefaultsPostProcessor-----For additional web related logging consider setting the 'logging.level.web' property to 'DEBUG'
2019/10/18-15:25:17----[restartedMain]----INFO----org.springframework.boot.web.embedded.tomcat.TomcatWebServer-----Tomcat initialized with port(s): 8090 (http)
2019/10/18-15:25:17----[restartedMain]----INFO----org.apache.coyote.http11.Http11NioProtocol-----Initializing ProtocolHandler ["http-nio-8090"]
2019/10/18-15:25:17----[restartedMain]----INFO----org.apache.catalina.core.StandardService-----Starting service [Tomcat]
2019/10/18-15:25:17----[restartedMain]----INFO----org.apache.catalina.core.StandardEngine-----Starting Servlet Engine: Apache Tomcat/9.0.13
2019/10/18-15:25:17----[restartedMain]----INFO----org.apache.catalina.core.AprLifecycleListener-----The APR based Apache Tomcat Native library which allows optimal performance in production environments was not found on the java.library.path: [D:\JDK\1.8\bin;C:\WINDOWS\Sun\Java\bin;C:\WINDOWS\system32;C:\WINDOWS;C:\Program Files (x86)\Intel\iCLS Client\;C:\Program Files\Intel\iCLS Client\;C:\Windows\system32;C:\Windows;C:\Windows\System32\Wbem;C:\Windows\System32\WindowsPowerShell\v1.0\;C:\Program Files (x86)\NVIDIA Corporation\PhysX\Common;C:\Program Files (x86)\Intel\Intel(R) Management Engine Components\DAL;C:\Program Files\Intel\Intel(R) Management Engine Components\DAL;C:\Program Files (x86)\Intel\Intel(R) Management Engine Components\IPT;C:\Program Files\Intel\Intel(R) Management Engine Components\IPT;C:\WINDOWS\system32;C:\WINDOWS;C:\WINDOWS\System32\Wbem;C:\WINDOWS\System32\WindowsPowerShell\v1.0\;C:\WINDOWS\System32\OpenSSH\;C:\MinGW\bin;D:\git\Git\cmd;C:\Users\syh\AppData\Local\Microsoft\WindowsApps;D:\JDK\1.8\bin;D:\MAVEN\3.0.5\apache-maven-3.0.5\bin;;.]
2019/10/18-15:25:17----[restartedMain]----INFO----org.apache.jasper.servlet.TldScanner-----At least one JAR was scanned for TLDs yet contained no TLDs. Enable debug logging for this logger for a complete list of JARs that were scanned but no TLDs were found in them. Skipping unneeded JARs during scanning can improve startup time and JSP compilation time.
2019/10/18-15:25:17----[restartedMain]----INFO----org.apache.catalina.core.ContainerBase.[Tomcat].[localhost].[/]-----Initializing Spring embedded WebApplicationContext
2019/10/18-15:25:17----[restartedMain]----INFO----org.springframework.web.context.ContextLoader-----Root WebApplicationContext: initialization completed in 1016 ms
2019/10/18-15:25:17----[restartedMain]----INFO----org.springframework.scheduling.concurrent.ThreadPoolTaskExecutor-----Initializing ExecutorService 'applicationTaskExecutor'
2019/10/18-15:25:18----[restartedMain]----INFO----org.springframework.boot.devtools.autoconfigure.OptionalLiveReloadServer-----LiveReload server is running on port 35729
2019/10/18-15:25:18----[restartedMain]----INFO----org.apache.coyote.http11.Http11NioProtocol-----Starting ProtocolHandler ["http-nio-8090"]
2019/10/18-15:25:18----[restartedMain]----INFO----org.apache.tomcat.util.net.NioSelectorPool-----Using a shared selector for servlet write/read
2019/10/18-15:25:18----[restartedMain]----INFO----org.springframework.boot.web.embedded.tomcat.TomcatWebServer-----Tomcat started on port(s): 8090 (http) with context path ''
2019/10/18-15:25:18----[restartedMain]----INFO----com.syh.officeboot.zjrcu.ZjrcuApplication-----Started ZjrcuApplication in 1.959 seconds (JVM running for 2.594)
2019/10/18-15:25:33----[http-nio-8090-exec-1]----INFO----org.apache.catalina.core.ContainerBase.[Tomcat].[localhost].[/]-----Initializing Spring DispatcherServlet 'dispatcherServlet'
2019/10/18-15:25:33----[http-nio-8090-exec-1]----INFO----org.springframework.web.servlet.DispatcherServlet-----Initializing Servlet 'dispatcherServlet'
2019/10/18-15:25:33----[http-nio-8090-exec-1]----INFO----org.springframework.web.servlet.DispatcherServlet-----Completed initialization in 4 ms
2019/10/18-15:25:38----[http-nio-8090-exec-6]----INFO----com.zaxxer.hikari.HikariDataSource-----office - Starting...
2019/10/18-15:25:38----[http-nio-8090-exec-6]----INFO----com.zaxxer.hikari.HikariDataSource-----office - Start completed.
2019/10/18-15:25:38----[http-nio-8090-exec-9]----INFO----com.syh.officeboot.zjrcu.controller.LoginController-----
2019/10/18-15:25:57----[Thread-10]----INFO----org.springframework.scheduling.concurrent.ThreadPoolTaskExecutor-----Shutting down ExecutorService 'applicationTaskExecutor'
2019/10/18-15:25:57----[Thread-10]----INFO----com.zaxxer.hikari.HikariDataSource-----office - Shutdown initiated...
2019/10/18-15:25:57----[Thread-10]----INFO----com.zaxxer.hikari.HikariDataSource-----office - Shutdown completed.
2019/10/18-15:25:57----[restartedMain]----INFO----com.syh.officeboot.zjrcu.ZjrcuApplication-----Starting ZjrcuApplication on LAPTOP-3JD1R4SJ with PID 128 (D:\IntelliJ\IdeaProjects\zjrcu\target\classes started by syh in D:\IntelliJ\IdeaProjects\zjrcu)
2019/10/18-15:25:57----[restartedMain]----INFO----com.syh.officeboot.zjrcu.ZjrcuApplication-----No active profile set, falling back to default profiles: default
2019/10/18-15:25:58----[restartedMain]----INFO----org.springframework.boot.web.embedded.tomcat.TomcatWebServer-----Tomcat initialized with port(s): 8090 (http)
2019/10/18-15:25:58----[restartedMain]----INFO----org.apache.coyote.http11.Http11NioProtocol-----Initializing ProtocolHandler ["http-nio-8090"]
2019/10/18-15:25:58----[restartedMain]----INFO----org.apache.catalina.core.StandardService-----Starting service [Tomcat]
2019/10/18-15:25:58----[restartedMain]----INFO----org.apache.catalina.core.StandardEngine-----Starting Servlet Engine: Apache Tomcat/9.0.13
2019/10/18-15:25:58----[restartedMain]----INFO----org.apache.jasper.servlet.TldScanner-----At least one JAR was scanned for TLDs yet contained no TLDs. Enable debug logging for this logger for a complete list of JARs that were scanned but no TLDs were found in them. Skipping unneeded JARs during scanning can improve startup time and JSP compilation time.
2019/10/18-15:25:58----[restartedMain]----INFO----org.apache.catalina.core.ContainerBase.[Tomcat].[localhost].[/]-----Initializing Spring embedded WebApplicationContext
2019/10/18-15:25:58----[restartedMain]----INFO----org.springframework.web.context.ContextLoader-----Root WebApplicationContext: initialization completed in 378 ms
2019/10/18-15:25:58----[restartedMain]----INFO----org.springframework.scheduling.concurrent.ThreadPoolTaskExecutor-----Initializing ExecutorService 'applicationTaskExecutor'
2019/10/18-15:25:58----[restartedMain]----INFO----org.springframework.boot.devtools.autoconfigure.OptionalLiveReloadServer-----LiveReload server is running on port 35729
2019/10/18-15:25:58----[restartedMain]----INFO----org.apache.coyote.http11.Http11NioProtocol-----Starting ProtocolHandler ["http-nio-8090"]
2019/10/18-15:25:58----[restartedMain]----INFO----org.apache.tomcat.util.net.NioSelectorPool-----Using a shared selector for servlet write/read
2019/10/18-15:25:58----[restartedMain]----INFO----org.springframework.boot.web.embedded.tomcat.TomcatWebServer-----Tomcat started on port(s): 8090 (http) with context path ''
2019/10/18-15:25:58----[restartedMain]----INFO----com.syh.officeboot.zjrcu.ZjrcuApplication-----Started ZjrcuApplication in 0.646 seconds (JVM running for 42.996)
2019/10/18-15:25:58----[restartedMain]----INFO----org.springframework.boot.devtools.autoconfigure.ConditionEvaluationDeltaLoggingListener-----Condition evaluation unchanged
2019/10/18-15:26:06----[http-nio-8090-exec-1]----INFO----org.apache.catalina.core.ContainerBase.[Tomcat].[localhost].[/]-----Initializing Spring DispatcherServlet 'dispatcherServlet'
2019/10/18-15:26:06----[http-nio-8090-exec-1]----INFO----org.springframework.web.servlet.DispatcherServlet-----Initializing Servlet 'dispatcherServlet'
2019/10/18-15:26:06----[http-nio-8090-exec-1]----INFO----org.springframework.web.servlet.DispatcherServlet-----Completed initialization in 5 ms
2019/10/18-15:26:06----[http-nio-8090-exec-1]----INFO----com.syh.officeboot.zjrcu.controller.LoginController-----
2019/10/18-15:26:09----[http-nio-8090-exec-7]----INFO----com.zaxxer.hikari.HikariDataSource-----office - Starting...
2019/10/18-15:26:09----[http-nio-8090-exec-7]----INFO----com.zaxxer.hikari.HikariDataSource-----office - Start completed.
2019/10/18-15:27:37----[restartedMain]----INFO----com.syh.officeboot.zjrcu.ZjrcuApplication-----Starting ZjrcuApplication on LAPTOP-3JD1R4SJ with PID 5720 (D:\IntelliJ\IdeaProjects\zjrcu\target\classes started by syh in D:\IntelliJ\IdeaProjects\zjrcu)
2019/10/18-15:27:37----[restartedMain]----INFO----com.syh.officeboot.zjrcu.ZjrcuApplication-----No active profile set, falling back to default profiles: default
2019/10/18-15:27:37----[restartedMain]----INFO----org.springframework.boot.devtools.env.DevToolsPropertyDefaultsPostProcessor-----Devtools property defaults active! Set 'spring.devtools.add-properties' to 'false' to disable
2019/10/18-15:27:37----[restartedMain]----INFO----org.springframework.boot.devtools.env.DevToolsPropertyDefaultsPostProcessor-----For additional web related logging consider setting the 'logging.level.web' property to 'DEBUG'
2019/10/18-15:27:37----[restartedMain]----INFO----org.springframework.boot.web.embedded.tomcat.TomcatWebServer-----Tomcat initialized with port(s): 8090 (http)
2019/10/18-15:27:37----[restartedMain]----INFO----org.apache.coyote.http11.Http11NioProtocol-----Initializing ProtocolHandler ["http-nio-8090"]
2019/10/18-15:27:37----[restartedMain]----INFO----org.apache.catalina.core.StandardService-----Starting service [Tomcat]
2019/10/18-15:27:37----[restartedMain]----INFO----org.apache.catalina.core.StandardEngine-----Starting Servlet Engine: Apache Tomcat/9.0.13
2019/10/18-15:27:37----[restartedMain]----INFO----org.apache.catalina.core.AprLifecycleListener-----The APR based Apache Tomcat Native library which allows optimal performance in production environments was not found on the java.library.path: [D:\JDK\1.8\bin;C:\WINDOWS\Sun\Java\bin;C:\WINDOWS\system32;C:\WINDOWS;C:\Program Files (x86)\Intel\iCLS Client\;C:\Program Files\Intel\iCLS Client\;C:\Windows\system32;C:\Windows;C:\Windows\System32\Wbem;C:\Windows\System32\WindowsPowerShell\v1.0\;C:\Program Files (x86)\NVIDIA Corporation\PhysX\Common;C:\Program Files (x86)\Intel\Intel(R) Management Engine Components\DAL;C:\Program Files\Intel\Intel(R) Management Engine Components\DAL;C:\Program Files (x86)\Intel\Intel(R) Management Engine Components\IPT;C:\Program Files\Intel\Intel(R) Management Engine Components\IPT;C:\WINDOWS\system32;C:\WINDOWS;C:\WINDOWS\System32\Wbem;C:\WINDOWS\System32\WindowsPowerShell\v1.0\;C:\WINDOWS\System32\OpenSSH\;C:\MinGW\bin;D:\git\Git\cmd;C:\Users\syh\AppData\Local\Microsoft\WindowsApps;D:\JDK\1.8\bin;D:\MAVEN\3.0.5\apache-maven-3.0.5\bin;;.]
2019/10/18-15:27:38----[restartedMain]----INFO----org.apache.jasper.servlet.TldScanner-----At least one JAR was scanned for TLDs yet contained no TLDs. Enable debug logging for this logger for a complete list of JARs that were scanned but no TLDs were found in them. Skipping unneeded JARs during scanning can improve startup time and JSP compilation time.
2019/10/18-15:27:38----[restartedMain]----INFO----org.apache.catalina.core.ContainerBase.[Tomcat].[localhost].[/]-----Initializing Spring embedded WebApplicationContext
2019/10/18-15:27:38----[restartedMain]----INFO----org.springframework.web.context.ContextLoader-----Root WebApplicationContext: initialization completed in 986 ms
2019/10/18-15:27:38----[restartedMain]----INFO----org.springframework.scheduling.concurrent.ThreadPoolTaskExecutor-----Initializing ExecutorService 'applicationTaskExecutor'
2019/10/18-15:27:38----[restartedMain]----INFO----org.springframework.boot.devtools.autoconfigure.OptionalLiveReloadServer-----LiveReload server is running on port 35729
2019/10/18-15:27:38----[restartedMain]----INFO----org.apache.coyote.http11.Http11NioProtocol-----Starting ProtocolHandler ["http-nio-8090"]
2019/10/18-15:27:38----[restartedMain]----INFO----org.apache.tomcat.util.net.NioSelectorPool-----Using a shared selector for servlet write/read
2019/10/18-15:27:38----[restartedMain]----INFO----org.springframework.boot.web.embedded.tomcat.TomcatWebServer-----Tomcat started on port(s): 8090 (http) with context path ''
2019/10/18-15:27:38----[restartedMain]----INFO----com.syh.officeboot.zjrcu.ZjrcuApplication-----Started ZjrcuApplication in 1.952 seconds (JVM running for 2.628)
2019/10/18-15:27:52----[http-nio-8090-exec-1]----INFO----org.apache.catalina.core.ContainerBase.[Tomcat].[localhost].[/]-----Initializing Spring DispatcherServlet 'dispatcherServlet'
2019/10/18-15:27:52----[http-nio-8090-exec-1]----INFO----org.springframework.web.servlet.DispatcherServlet-----Initializing Servlet 'dispatcherServlet'
2019/10/18-15:27:52----[http-nio-8090-exec-1]----INFO----org.springframework.web.servlet.DispatcherServlet-----Completed initialization in 4 ms
2019/10/18-15:28:00----[http-nio-8090-exec-3]----INFO----com.zaxxer.hikari.HikariDataSource-----office - Starting...
2019/10/18-15:28:00----[http-nio-8090-exec-3]----INFO----com.zaxxer.hikari.HikariDataSource-----office - Start completed.
2019/10/18-15:28:00----[http-nio-8090-exec-8]----INFO----com.syh.officeboot.zjrcu.controller.LoginController-----
